  [1m[35m (510.3ms)[0m  [1m[35mCREATE DATABASE "reddit-rails_development" ENCODING = 'unicode'[0m
  ↳ bin/rails:9
  [1m[35m (303.5ms)[0m  [1m[35mCREATE DATABASE "reddit-rails_test" ENCODING = 'unicode'[0m
  ↳ bin/rails:9
  [1m[35m (129.4ms)[0m  [1m[35mCREATE TABLE "schema_migrations" ("version" character varying NOT NULL PRIMARY KEY)[0m
  ↳ bin/rails:9
  [1m[35m (11.1ms)[0m  [1m[35mCREATE TABLE "ar_internal_metadata" ("key" character varying NOT NULL PRIMARY KEY, "value" character varying, "created_at" timestamp NOT NULL, "updated_at" timestamp NOT NULL)[0m
  ↳ bin/rails:9
  [1m[35m (0.9ms)[0m  [1m[34mSELECT pg_try_advisory_lock(5014544753723828085)[0m
  ↳ bin/rails:9
  [1m[35m (5.4ms)[0m  [1m[34mSELECT "schema_migrations"."version" FROM "schema_migrations" ORDER BY "schema_migrations"."version" ASC[0m
  ↳ bin/rails:9
Migrating to CreateUsers (20210111171257)
  [1m[35m (0.5ms)[0m  [1m[35mBEGIN[0m
  ↳ bin/rails:9
  [1m[35m (48.0ms)[0m  [1m[35mCREATE TABLE "users" ("id" bigserial primary key, "username" character varying NOT NULL, "password_digest" character varying NOT NULL, "session_token" character varying NOT NULL, "created_at" timestamp NOT NULL, "updated_at" timestamp NOT NULL)[0m
  ↳ db/migrate/20210111171257_create_users.rb:3
  [1m[35m (1.7ms)[0m  [1m[35mCREATE UNIQUE INDEX  "index_users_on_username" ON "users"  ("username")[0m
  ↳ db/migrate/20210111171257_create_users.rb:9
  [1m[35m (1.3ms)[0m  [1m[35mCREATE UNIQUE INDEX  "index_users_on_session_token" ON "users"  ("session_token")[0m
  ↳ db/migrate/20210111171257_create_users.rb:10
  [1m[36mActiveRecord::SchemaMigration Create (3.9ms)[0m  [1m[32mINSERT INTO "schema_migrations" ("version") VALUES ($1) RETURNING "version"[0m  [["version", "20210111171257"]]
  ↳ bin/rails:9
  [1m[35m (0.7ms)[0m  [1m[35mCOMMIT[0m
  ↳ bin/rails:9
  [1m[36mActiveRecord::InternalMetadata Load (0.7ms)[0m  [1m[34mSELECT  "ar_internal_metadata".* FROM "ar_internal_metadata" WHERE "ar_internal_metadata"."key" = $1 LIMIT $2[0m  [["key", "environment"], ["LIMIT", 1]]
  ↳ bin/rails:9
  [1m[35m (0.2ms)[0m  [1m[35mBEGIN[0m
  ↳ bin/rails:9
  [1m[36mActiveRecord::InternalMetadata Create (1.1ms)[0m  [1m[32mINSERT INTO "ar_internal_metadata" ("key", "value", "created_at", "updated_at") VALUES ($1, $2, $3, $4) RETURNING "key"[0m  [["key", "environment"], ["value", "development"], ["created_at", "2021-01-11 17:16:06.318970"], ["updated_at", "2021-01-11 17:16:06.318970"]]
  ↳ bin/rails:9
  [1m[35m (3.5ms)[0m  [1m[35mCOMMIT[0m
  ↳ bin/rails:9
  [1m[35m (0.4ms)[0m  [1m[34mSELECT pg_advisory_unlock(5014544753723828085)[0m
  ↳ bin/rails:9
  [1m[35m (1.3ms)[0m  [1m[34mSELECT "schema_migrations"."version" FROM "schema_migrations" ORDER BY "schema_migrations"."version" ASC[0m
  ↳ bin/rails:9
  [1m[35m (0.3ms)[0m  [1m[35mBEGIN[0m
  [1m[36mUser Exists (6.8ms)[0m  [1m[34mSELECT  1 AS one FROM "users" WHERE "users"."username" = $1 LIMIT $2[0m  [["username", "josh"], ["LIMIT", 1]]
  [1m[36mUser Create (7.7ms)[0m  [1m[32mINSERT INTO "users" ("username", "password_digest", "session_token", "created_at", "updated_at") VALUES ($1, $2, $3, $4, $5) RETURNING "id"[0m  [["username", "josh"], ["password_digest", "$2a$12$gwOHu3CfH7Oc2OHttp4dVOaz32I3N/62k0SExR8CVT.VDxNyO.EOi"], ["session_token", "Is8B4YmROqJm9g6nF0Z13d2HhNaZGcuHaK1I5B4FIxeurt5vsN6dC5k9uLBRhx5FS2o9rdYzXfxCx5iXkkzz3w=="], ["created_at", "2021-01-11 17:32:45.503406"], ["updated_at", "2021-01-11 17:32:45.503406"]]
  [1m[35m (6.6ms)[0m  [1m[35mCOMMIT[0m
  [1m[36mUser Load (3.3ms)[0m  [1m[34mSELECT  "users".* FROM "users" LIMIT $1[0m  [["LIMIT", 11]]
  [1m[35m (351.1ms)[0m  [1m[35mCREATE DATABASE "reddit-rails_development" ENCODING = 'unicode'[0m
  ↳ bin/rails:9
  [1m[35m (32.6ms)[0m  [1m[35mCREATE DATABASE "reddit-rails_test" ENCODING = 'unicode'[0m
  ↳ bin/rails:9
  [1m[35m (0.2ms)[0m  [1m[34mSELECT pg_try_advisory_lock(5014544753723828085)[0m
  ↳ bin/rails:9
  [1m[35m (0.8ms)[0m  [1m[34mSELECT "schema_migrations"."version" FROM "schema_migrations" ORDER BY "schema_migrations"."version" ASC[0m
  ↳ bin/rails:9
Migrating to CreateSubs (20210111182139)
  [1m[35m (0.2ms)[0m  [1m[35mBEGIN[0m
  ↳ bin/rails:9
  [1m[35m (19.3ms)[0m  [1m[35mCREATE TABLE "subs" ("id" bigserial primary key, "title" character varying NOT NULL, "description" character varying NOT NULL, "user_id" integer NOT NULL, "created_at" timestamp NOT NULL, "updated_at" timestamp NOT NULL)[0m
  ↳ db/migrate/20210111182139_create_subs.rb:3
  [1m[36mActiveRecord::SchemaMigration Create (0.6ms)[0m  [1m[32mINSERT INTO "schema_migrations" ("version") VALUES ($1) RETURNING "version"[0m  [["version", "20210111182139"]]
  ↳ bin/rails:9
  [1m[35m (1.0ms)[0m  [1m[35mCOMMIT[0m
  ↳ bin/rails:9
  [1m[36mActiveRecord::InternalMetadata Load (0.7ms)[0m  [1m[34mSELECT  "ar_internal_metadata".* FROM "ar_internal_metadata" WHERE "ar_internal_metadata"."key" = $1 LIMIT $2[0m  [["key", "environment"], ["LIMIT", 1]]
  ↳ bin/rails:9
  [1m[35m (0.4ms)[0m  [1m[35mBEGIN[0m
  ↳ bin/rails:9
  [1m[35m (0.3ms)[0m  [1m[35mCOMMIT[0m
  ↳ bin/rails:9
  [1m[35m (0.3ms)[0m  [1m[34mSELECT pg_advisory_unlock(5014544753723828085)[0m
  ↳ bin/rails:9
  [1m[35m (0.5ms)[0m  [1m[34mSELECT "schema_migrations"."version" FROM "schema_migrations" ORDER BY "schema_migrations"."version" ASC[0m
  ↳ bin/rails:9
  [1m[35m (1.7ms)[0m  [1m[35mCREATE DATABASE "reddit-rails_development" ENCODING = 'unicode'[0m
  ↳ bin/rails:9
  [1m[35m (0.8ms)[0m  [1m[35mCREATE DATABASE "reddit-rails_test" ENCODING = 'unicode'[0m
  ↳ bin/rails:9
  [1m[35m (32.9ms)[0m  [1m[35mCREATE TABLE "schema_migrations" ("version" character varying NOT NULL PRIMARY KEY)[0m
  ↳ bin/rails:9
  [1m[35m (7.6ms)[0m  [1m[35mCREATE TABLE "ar_internal_metadata" ("key" character varying NOT NULL PRIMARY KEY, "value" character varying, "created_at" timestamp NOT NULL, "updated_at" timestamp NOT NULL)[0m
  ↳ bin/rails:9
  [1m[35m (5.6ms)[0m  [1m[34mSELECT pg_try_advisory_lock(5014544753723828085)[0m
  ↳ bin/rails:9
  [1m[35m (0.4ms)[0m  [1m[34mSELECT "schema_migrations"."version" FROM "schema_migrations" ORDER BY "schema_migrations"."version" ASC[0m
  ↳ bin/rails:9
Migrating to CreateUsers (20210111171257)
  [1m[35m (0.1ms)[0m  [1m[35mBEGIN[0m
  ↳ bin/rails:9
  [1m[35m (14.7ms)[0m  [1m[35mCREATE TABLE "users" ("id" bigserial primary key, "username" character varying NOT NULL, "password_digest" character varying NOT NULL, "session_token" character varying NOT NULL, "created_at" timestamp NOT NULL, "updated_at" timestamp NOT NULL)[0m
  ↳ db/migrate/20210111171257_create_users.rb:3
  [1m[35m (0.9ms)[0m  [1m[35mCREATE UNIQUE INDEX  "index_users_on_username" ON "users"  ("username")[0m
  ↳ db/migrate/20210111171257_create_users.rb:9
  [1m[35m (0.6ms)[0m  [1m[35mCREATE UNIQUE INDEX  "index_users_on_session_token" ON "users"  ("session_token")[0m
  ↳ db/migrate/20210111171257_create_users.rb:10
  [1m[36mActiveRecord::SchemaMigration Create (1.2ms)[0m  [1m[32mINSERT INTO "schema_migrations" ("version") VALUES ($1) RETURNING "version"[0m  [["version", "20210111171257"]]
  ↳ bin/rails:9
  [1m[35m (0.2ms)[0m  [1m[35mCOMMIT[0m
  ↳ bin/rails:9
Migrating to CreateSubs (20210111182139)
  [1m[35m (0.1ms)[0m  [1m[35mBEGIN[0m
  ↳ bin/rails:9
  [1m[35m (2.5ms)[0m  [1m[35mCREATE TABLE "subs" ("id" bigserial primary key, "title" character varying NOT NULL, "description" character varying NOT NULL, "user_id" integer NOT NULL, "created_at" timestamp NOT NULL, "updated_at" timestamp NOT NULL)[0m
  ↳ db/migrate/20210111182139_create_subs.rb:3
  [1m[36mActiveRecord::SchemaMigration Create (0.2ms)[0m  [1m[32mINSERT INTO "schema_migrations" ("version") VALUES ($1) RETURNING "version"[0m  [["version", "20210111182139"]]
  ↳ bin/rails:9
  [1m[35m (0.2ms)[0m  [1m[35mCOMMIT[0m
  ↳ bin/rails:9
  [1m[36mActiveRecord::InternalMetadata Load (0.3ms)[0m  [1m[34mSELECT  "ar_internal_metadata".* FROM "ar_internal_metadata" WHERE "ar_internal_metadata"."key" = $1 LIMIT $2[0m  [["key", "environment"], ["LIMIT", 1]]
  ↳ bin/rails:9
  [1m[35m (0.1ms)[0m  [1m[35mBEGIN[0m
  ↳ bin/rails:9
  [1m[36mActiveRecord::InternalMetadata Create (1.0ms)[0m  [1m[32mINSERT INTO "ar_internal_metadata" ("key", "value", "created_at", "updated_at") VALUES ($1, $2, $3, $4) RETURNING "key"[0m  [["key", "environment"], ["value", "development"], ["created_at", "2021-01-11 19:05:19.054619"], ["updated_at", "2021-01-11 19:05:19.054619"]]
  ↳ bin/rails:9
  [1m[35m (0.1ms)[0m  [1m[35mCOMMIT[0m
  ↳ bin/rails:9
  [1m[35m (0.1ms)[0m  [1m[34mSELECT pg_advisory_unlock(5014544753723828085)[0m
  ↳ bin/rails:9
  [1m[35m (0.1ms)[0m  [1m[34mSELECT "schema_migrations"."version" FROM "schema_migrations" ORDER BY "schema_migrations"."version" ASC[0m
  ↳ bin/rails:9
  [1m[35m (1.7ms)[0m  [1m[34mSELECT "schema_migrations"."version" FROM "schema_migrations" ORDER BY "schema_migrations"."version" ASC[0m
  ↳ bin/rails:9
Started GET "/users/new" for ::1 at 2021-01-11 14:13:15 -0500
  [1m[35m (1.6ms)[0m  [1m[34mSELECT "schema_migrations"."version" FROM "schema_migrations" ORDER BY "schema_migrations"."version" ASC[0m
  ↳ /Users/jonathandiaz/.rbenv/versions/2.5.1/lib/ruby/gems/2.5.0/gems/activerecord-5.2.4.4/lib/active_record/log_subscriber.rb:98
Processing by UsersController#new as HTML
  Rendering users/new.html.erb within layouts/application
  Rendered users/new.html.erb within layouts/application (0.9ms)
  [1m[36mUser Load (4.6ms)[0m  [1m[34mSELECT  "users".* FROM "users" WHERE "users"."session_token" IS NULL LIMIT $1[0m  [["LIMIT", 1]]
  ↳ app/controllers/application_controller.rb:7
Completed 200 OK in 1343ms (Views: 1311.5ms | ActiveRecord: 20.7ms)


Started POST "/users" for ::1 at 2021-01-11 14:13:39 -0500
Processing by UsersController#create as HTML
  Parameters: {"authenticity_token"=>"n0lbmadEQHODMisidMW5xS5hRrPgYYNgjV5sVsgvdQRl4MA49qEK8RaRJwQZOoWr9E8ODdZAkxF4ux/mK2zv+A==", "user"=>{"username"=>"KingApe714", "password"=>"[FILTERED]"}}
  [1m[35m (3.5ms)[0m  [1m[35mBEGIN[0m
  ↳ app/controllers/users_controller.rb:21
  [1m[36mUser Exists (3.0ms)[0m  [1m[34mSELECT  1 AS one FROM "users" WHERE "users"."username" = $1 LIMIT $2[0m  [["username", "KingApe714"], ["LIMIT", 1]]
  ↳ app/controllers/users_controller.rb:21
  [1m[36mUser Create (3.2ms)[0m  [1m[32mINSERT INTO "users" ("username", "password_digest", "session_token", "created_at", "updated_at") VALUES ($1, $2, $3, $4, $5) RETURNING "id"[0m  [["username", "KingApe714"], ["password_digest", "$2a$12$k/FAlBxEvJDpSxAxmaTvrOfHEm3honrM2KD0aGbEp/OaoE9RLGmTy"], ["session_token", "VB87xj8rEmONFj+Nq2cX/m1DZJ6MK/APJJ1dwA6cio8vZX0gMSqhA55/8rDa+0HsO4JFM0NSflk7ylNzZj2LvA=="], ["created_at", "2021-01-11 19:13:39.749989"], ["updated_at", "2021-01-11 19:13:39.749989"]]
  ↳ app/controllers/users_controller.rb:21
  [1m[35m (2.0ms)[0m  [1m[35mCOMMIT[0m
  ↳ app/controllers/users_controller.rb:21
  [1m[35m (0.2ms)[0m  [1m[35mBEGIN[0m
  ↳ app/controllers/users_controller.rb:23
  [1m[36mUser Exists (1.0ms)[0m  [1m[34mSELECT  1 AS one FROM "users" WHERE "users"."username" = $1 AND "users"."id" != $2 LIMIT $3[0m  [["username", "KingApe714"], ["id", 1], ["LIMIT", 1]]
  ↳ app/controllers/users_controller.rb:23
  [1m[35m (0.2ms)[0m  [1m[35mCOMMIT[0m
  ↳ app/controllers/users_controller.rb:23
  [1m[35m (0.1ms)[0m  [1m[35mBEGIN[0m
  ↳ app/models/user.rb:32
  [1m[36mCACHE User Exists (0.0ms)[0m  [1m[34mSELECT  1 AS one FROM "users" WHERE "users"."username" = $1 AND "users"."id" != $2 LIMIT $3[0m  [["username", "KingApe714"], ["id", 1], ["LIMIT", 1]]
  ↳ app/models/user.rb:32
  [1m[36mUser Update (4.2ms)[0m  [1m[33mUPDATE "users" SET "session_token" = $1, "updated_at" = $2 WHERE "users"."id" = $3[0m  [["session_token", "YhbxeD3nNETUai3rl3azICItohWtimKkDZcMEwyvi6JsV6gd92ZZPI3ltlVFaka0/o2YKbdIDT6NGTBQso+vJA=="], ["updated_at", "2021-01-11 19:13:39.758791"], ["id", 1]]
  ↳ app/models/user.rb:32
  [1m[35m (0.4ms)[0m  [1m[35mCOMMIT[0m
  ↳ app/models/user.rb:32
Redirected to http://localhost:3000/users
Completed 302 Found in 305ms (ActiveRecord: 17.7ms)


Started GET "/users" for ::1 at 2021-01-11 14:13:39 -0500
Processing by UsersController#index as HTML
  [1m[36mUser Load (3.0ms)[0m  [1m[34mSELECT  "users".* FROM "users" WHERE "users"."session_token" = $1 LIMIT $2[0m  [["session_token", "YhbxeD3nNETUai3rl3azICItohWtimKkDZcMEwyvi6JsV6gd92ZZPI3ltlVFaka0/o2YKbdIDT6NGTBQso+vJA=="], ["LIMIT", 1]]
  ↳ app/controllers/application_controller.rb:7
  Rendering users/index.html.erb within layouts/application
  [1m[36mUser Load (0.6ms)[0m  [1m[34mSELECT "users".* FROM "users"[0m
  ↳ app/views/users/index.html.erb:3
  Rendered users/index.html.erb within layouts/application (1.4ms)
Completed 200 OK in 19ms (Views: 12.9ms | ActiveRecord: 3.8ms)


  [1m[36mUser Load (0.4ms)[0m  [1m[34mSELECT  "users".* FROM "users" LIMIT $1[0m  [["LIMIT", 11]]
Started GET "/method=%22post%22?authenticity_token=W1%2B7Z1x8l6cusLJVXTp5mDm8SR1krMEHsKcW9RWQjA2h9iDGDZndJbsTvnMwxUX245IBo1KN0XZFQmVF9tMW8Q%3D%3D&_method=delete" for ::1 at 2021-01-11 14:14:34 -0500
  
ActionController::RoutingError (No route matches [GET] "/method=%22post%22"):
  
actionpack (5.2.4.4) lib/action_dispatch/middleware/debug_exceptions.rb:65:in `call'
web-console (3.7.0) lib/web_console/middleware.rb:135:in `call_app'
web-console (3.7.0) lib/web_console/middleware.rb:30:in `block in call'
web-console (3.7.0) lib/web_console/middleware.rb:20:in `catch'
web-console (3.7.0) lib/web_console/middleware.rb:20:in `call'
actionpack (5.2.4.4) lib/action_dispatch/middleware/show_exceptions.rb:33:in `call'
railties (5.2.4.4) lib/rails/rack/logger.rb:38:in `call_app'
railties (5.2.4.4) lib/rails/rack/logger.rb:26:in `block in call'
activesupport (5.2.4.4) lib/active_support/tagged_logging.rb:71:in `block in tagged'
activesupport (5.2.4.4) lib/active_support/tagged_logging.rb:28:in `tagged'
activesupport (5.2.4.4) lib/active_support/tagged_logging.rb:71:in `tagged'
railties (5.2.4.4) lib/rails/rack/logger.rb:26:in `call'
sprockets-rails (3.2.2) lib/sprockets/rails/quiet_assets.rb:13:in `call'
actionpack (5.2.4.4) lib/action_dispatch/middleware/remote_ip.rb:81:in `call'
actionpack (5.2.4.4) lib/action_dispatch/middleware/request_id.rb:27:in `call'
rack (2.2.3) lib/rack/method_override.rb:24:in `call'
rack (2.2.3) lib/rack/runtime.rb:22:in `call'
activesupport (5.2.4.4) lib/active_support/cache/strategy/local_cache_middleware.rb:29:in `call'
actionpack (5.2.4.4) lib/action_dispatch/middleware/executor.rb:14:in `call'
actionpack (5.2.4.4) lib/action_dispatch/middleware/static.rb:127:in `call'
rack (2.2.3) lib/rack/sendfile.rb:110:in `call'
railties (5.2.4.4) lib/rails/engine.rb:524:in `call'
puma (3.12.6) lib/puma/configuration.rb:227:in `call'
puma (3.12.6) lib/puma/server.rb:706:in `handle_request'
puma (3.12.6) lib/puma/server.rb:476:in `process_client'
puma (3.12.6) lib/puma/server.rb:334:in `block in run'
puma (3.12.6) lib/puma/thread_pool.rb:135:in `block in spawn_thread'
Started GET "/method=%22post%22?authenticity_token=W1%2B7Z1x8l6cusLJVXTp5mDm8SR1krMEHsKcW9RWQjA2h9iDGDZndJbsTvnMwxUX245IBo1KN0XZFQmVF9tMW8Q%3D%3D&_method=delete" for ::1 at 2021-01-11 14:17:43 -0500
  
ActionController::RoutingError (No route matches [GET] "/method=%22post%22"):
  
actionpack (5.2.4.4) lib/action_dispatch/middleware/debug_exceptions.rb:65:in `call'
web-console (3.7.0) lib/web_console/middleware.rb:135:in `call_app'
web-console (3.7.0) lib/web_console/middleware.rb:30:in `block in call'
web-console (3.7.0) lib/web_console/middleware.rb:20:in `catch'
web-console (3.7.0) lib/web_console/middleware.rb:20:in `call'
actionpack (5.2.4.4) lib/action_dispatch/middleware/show_exceptions.rb:33:in `call'
railties (5.2.4.4) lib/rails/rack/logger.rb:38:in `call_app'
railties (5.2.4.4) lib/rails/rack/logger.rb:26:in `block in call'
activesupport (5.2.4.4) lib/active_support/tagged_logging.rb:71:in `block in tagged'
activesupport (5.2.4.4) lib/active_support/tagged_logging.rb:28:in `tagged'
activesupport (5.2.4.4) lib/active_support/tagged_logging.rb:71:in `tagged'
railties (5.2.4.4) lib/rails/rack/logger.rb:26:in `call'
sprockets-rails (3.2.2) lib/sprockets/rails/quiet_assets.rb:13:in `call'
actionpack (5.2.4.4) lib/action_dispatch/middleware/remote_ip.rb:81:in `call'
actionpack (5.2.4.4) lib/action_dispatch/middleware/request_id.rb:27:in `call'
rack (2.2.3) lib/rack/method_override.rb:24:in `call'
rack (2.2.3) lib/rack/runtime.rb:22:in `call'
activesupport (5.2.4.4) lib/active_support/cache/strategy/local_cache_middleware.rb:29:in `call'
actionpack (5.2.4.4) lib/action_dispatch/middleware/executor.rb:14:in `call'
actionpack (5.2.4.4) lib/action_dispatch/middleware/static.rb:127:in `call'
rack (2.2.3) lib/rack/sendfile.rb:110:in `call'
railties (5.2.4.4) lib/rails/engine.rb:524:in `call'
puma (3.12.6) lib/puma/configuration.rb:227:in `call'
puma (3.12.6) lib/puma/server.rb:706:in `handle_request'
puma (3.12.6) lib/puma/server.rb:476:in `process_client'
puma (3.12.6) lib/puma/server.rb:334:in `block in run'
puma (3.12.6) lib/puma/thread_pool.rb:135:in `block in spawn_thread'
Started GET "/users" for ::1 at 2021-01-11 14:17:47 -0500
Processing by UsersController#index as HTML
  [1m[36mUser Load (0.9ms)[0m  [1m[34mSELECT  "users".* FROM "users" WHERE "users"."session_token" = $1 LIMIT $2[0m  [["session_token", "YhbxeD3nNETUai3rl3azICItohWtimKkDZcMEwyvi6JsV6gd92ZZPI3ltlVFaka0/o2YKbdIDT6NGTBQso+vJA=="], ["LIMIT", 1]]
  ↳ app/controllers/application_controller.rb:7
  Rendering users/index.html.erb within layouts/application
  [1m[36mUser Load (0.6ms)[0m  [1m[34mSELECT "users".* FROM "users"[0m
  ↳ app/views/users/index.html.erb:3
  Rendered users/index.html.erb within layouts/application (1.4ms)
Completed 200 OK in 21ms (Views: 18.6ms | ActiveRecord: 1.5ms)


Started GET "/users" for ::1 at 2021-01-11 14:17:48 -0500
Processing by UsersController#index as HTML
  [1m[36mUser Load (0.7ms)[0m  [1m[34mSELECT  "users".* FROM "users" WHERE "users"."session_token" = $1 LIMIT $2[0m  [["session_token", "YhbxeD3nNETUai3rl3azICItohWtimKkDZcMEwyvi6JsV6gd92ZZPI3ltlVFaka0/o2YKbdIDT6NGTBQso+vJA=="], ["LIMIT", 1]]
  ↳ app/controllers/application_controller.rb:7
  Rendering users/index.html.erb within layouts/application
  [1m[36mUser Load (0.3ms)[0m  [1m[34mSELECT "users".* FROM "users"[0m
  ↳ app/views/users/index.html.erb:3
  Rendered users/index.html.erb within layouts/application (0.9ms)
Completed 200 OK in 15ms (Views: 13.4ms | ActiveRecord: 1.0ms)


Started DELETE "/session" for ::1 at 2021-01-11 14:17:49 -0500
Processing by SessionsController#destroy as HTML
  Parameters: {"authenticity_token"=>"Vqpv2cxR3MOLsvcAbMxdggSoY76pm5VXUVNPYbJtMr2sA/R4nbSWQR4R+yYBM2Hs3oYrAJ+6hSaktjzRUS6oQQ=="}
  [1m[36mUser Load (1.0ms)[0m  [1m[34mSELECT  "users".* FROM "users" WHERE "users"."session_token" = $1 LIMIT $2[0m  [["session_token", "YhbxeD3nNETUai3rl3azICItohWtimKkDZcMEwyvi6JsV6gd92ZZPI3ltlVFaka0/o2YKbdIDT6NGTBQso+vJA=="], ["LIMIT", 1]]
  ↳ app/controllers/application_controller.rb:7
  [1m[35m (0.1ms)[0m  [1m[35mBEGIN[0m
  ↳ app/models/user.rb:32
  [1m[36mUser Exists (0.7ms)[0m  [1m[34mSELECT  1 AS one FROM "users" WHERE "users"."username" = $1 AND "users"."id" != $2 LIMIT $3[0m  [["username", "KingApe714"], ["id", 1], ["LIMIT", 1]]
  ↳ app/models/user.rb:32
  [1m[36mUser Update (0.7ms)[0m  [1m[33mUPDATE "users" SET "session_token" = $1, "updated_at" = $2 WHERE "users"."id" = $3[0m  [["session_token", "RyPp5kjM/C7ZS0VGN9OUt6E/HEg9usULjJz4OW7pF+NVXAT9BSyDVWoXnMCZG8lR927CS5W4Ob6433Jy1FeCSw=="], ["updated_at", "2021-01-11 19:17:49.345062"], ["id", 1]]
  ↳ app/models/user.rb:32
  [1m[35m (0.6ms)[0m  [1m[35mCOMMIT[0m
  ↳ app/models/user.rb:32
Redirected to http://localhost:3000/session/new
Completed 302 Found in 5ms (ActiveRecord: 3.1ms)


Started GET "/session/new" for ::1 at 2021-01-11 14:17:49 -0500
Processing by SessionsController#new as HTML
  Rendering sessions/new.html.erb within layouts/application
  Rendered sessions/new.html.erb within layouts/application (0.3ms)
  [1m[36mUser Load (0.4ms)[0m  [1m[34mSELECT  "users".* FROM "users" WHERE "users"."session_token" IS NULL LIMIT $1[0m  [["LIMIT", 1]]
  ↳ app/controllers/application_controller.rb:7
Completed 200 OK in 13ms (Views: 12.3ms | ActiveRecord: 0.4ms)


Started POST "/session" for ::1 at 2021-01-11 14:18:17 -0500
Processing by SessionsController#create as HTML
  Parameters: {"authenticity_token"=>"9T49Pec+YMl77qQvrgPOjmClZprj2r8TRGk0bLuDF7QPl6acttsqS+5NqAnD/PLguosuJNX7r2KxjEfcWMCNSA==", "user"=>{"username"=>"KingApe714", "password"=>"[FILTERED]"}}
  [1m[36mUser Load (0.6ms)[0m  [1m[34mSELECT  "users".* FROM "users" WHERE "users"."username" = $1 LIMIT $2[0m  [["username", "KingApe714"], ["LIMIT", 1]]
  ↳ app/models/user.rb:17
  [1m[35m (1.4ms)[0m  [1m[35mBEGIN[0m
  ↳ app/models/user.rb:32
  [1m[36mUser Exists (0.8ms)[0m  [1m[34mSELECT  1 AS one FROM "users" WHERE "users"."username" = $1 AND "users"."id" != $2 LIMIT $3[0m  [["username", "KingApe714"], ["id", 1], ["LIMIT", 1]]
  ↳ app/models/user.rb:32
  [1m[36mUser Update (2.1ms)[0m  [1m[33mUPDATE "users" SET "session_token" = $1, "updated_at" = $2 WHERE "users"."id" = $3[0m  [["session_token", "+vTo8tDD9uONd6rUlz1lazQzu/JzN1cg4Q5fv4SxfLpZIGVU9y8dtdR6wlpTuS0dM+SWXNbxd0Eo/5cXD7ci0A=="], ["updated_at", "2021-01-11 19:18:17.483956"], ["id", 1]]
  ↳ app/models/user.rb:32
  [1m[35m (1.0ms)[0m  [1m[35mCOMMIT[0m
  ↳ app/models/user.rb:32
Redirected to http://localhost:3000/users
Completed 302 Found in 309ms (ActiveRecord: 5.9ms)


Started GET "/users" for ::1 at 2021-01-11 14:18:17 -0500
Processing by UsersController#index as HTML
  [1m[36mUser Load (0.5ms)[0m  [1m[34mSELECT  "users".* FROM "users" WHERE "users"."session_token" = $1 LIMIT $2[0m  [["session_token", "+vTo8tDD9uONd6rUlz1lazQzu/JzN1cg4Q5fv4SxfLpZIGVU9y8dtdR6wlpTuS0dM+SWXNbxd0Eo/5cXD7ci0A=="], ["LIMIT", 1]]
  ↳ app/controllers/application_controller.rb:7
  Rendering users/index.html.erb within layouts/application
  [1m[36mUser Load (0.5ms)[0m  [1m[34mSELECT "users".* FROM "users"[0m
  ↳ app/views/users/index.html.erb:3
  Rendered users/index.html.erb within layouts/application (1.2ms)
Completed 200 OK in 15ms (Views: 13.0ms | ActiveRecord: 1.0ms)


Started GET "/users/1" for ::1 at 2021-01-11 14:18:31 -0500
Processing by UsersController#show as HTML
  Parameters: {"id"=>"1"}
  [1m[36mUser Load (0.6ms)[0m  [1m[34mSELECT  "users".* FROM "users" WHERE "users"."session_token" = $1 LIMIT $2[0m  [["session_token", "+vTo8tDD9uONd6rUlz1lazQzu/JzN1cg4Q5fv4SxfLpZIGVU9y8dtdR6wlpTuS0dM+SWXNbxd0Eo/5cXD7ci0A=="], ["LIMIT", 1]]
  ↳ app/controllers/application_controller.rb:7
  [1m[36mUser Load (0.3ms)[0m  [1m[34mSELECT  "users".* FROM "users" WHERE "users"."id" = $1 LIMIT $2[0m  [["id", 1], ["LIMIT", 1]]
  ↳ app/controllers/users_controller.rb:16
  Rendering users/show.html.erb within layouts/application
  Rendered users/show.html.erb within layouts/application (0.3ms)
Completed 200 OK in 17ms (Views: 14.2ms | ActiveRecord: 0.8ms)


Started GET "/users/1/edit" for ::1 at 2021-01-11 14:18:39 -0500
Processing by UsersController#edit as HTML
  Parameters: {"id"=>"1"}
  [1m[36mUser Load (0.4ms)[0m  [1m[34mSELECT  "users".* FROM "users" WHERE "users"."session_token" = $1 LIMIT $2[0m  [["session_token", "+vTo8tDD9uONd6rUlz1lazQzu/JzN1cg4Q5fv4SxfLpZIGVU9y8dtdR6wlpTuS0dM+SWXNbxd0Eo/5cXD7ci0A=="], ["LIMIT", 1]]
  ↳ app/controllers/application_controller.rb:7
  [1m[36mUser Load (0.4ms)[0m  [1m[34mSELECT  "users".* FROM "users" WHERE "users"."id" = $1 LIMIT $2[0m  [["id", 1], ["LIMIT", 1]]
  ↳ app/controllers/users_controller.rb:33
  Rendering users/edit.html.erb within layouts/application
  Rendered users/edit.html.erb within layouts/application (0.5ms)
Completed 200 OK in 18ms (Views: 15.9ms | ActiveRecord: 0.8ms)


Started PATCH "/users/1" for ::1 at 2021-01-11 14:19:01 -0500
Processing by UsersController#update as HTML
  Parameters: {"authenticity_token"=>"Ys6kMQzmpnKklsHjYcWxd01uuBWcm8gNjzOrNtpf7HyYZz+QXQPs8DE1zcUMOo0Zl0Dwq6q62Hx61tiGORx2gA==", "user"=>{"username"=>"KingApe", "password"=>"[FILTERED]"}, "id"=>"1"}
  [1m[36mUser Load (0.4ms)[0m  [1m[34mSELECT  "users".* FROM "users" WHERE "users"."session_token" = $1 LIMIT $2[0m  [["session_token", "+vTo8tDD9uONd6rUlz1lazQzu/JzN1cg4Q5fv4SxfLpZIGVU9y8dtdR6wlpTuS0dM+SWXNbxd0Eo/5cXD7ci0A=="], ["LIMIT", 1]]
  ↳ app/controllers/application_controller.rb:7
  [1m[36mUser Load (0.6ms)[0m  [1m[34mSELECT  "users".* FROM "users" WHERE "users"."id" = $1 LIMIT $2[0m  [["id", 1], ["LIMIT", 1]]
  ↳ app/controllers/users_controller.rb:38
  [1m[35m (0.1ms)[0m  [1m[35mBEGIN[0m
  ↳ app/controllers/users_controller.rb:39
  [1m[36mUser Exists (0.7ms)[0m  [1m[34mSELECT  1 AS one FROM "users" WHERE "users"."username" = $1 AND "users"."id" != $2 LIMIT $3[0m  [["username", "KingApe"], ["id", 1], ["LIMIT", 1]]
  ↳ app/controllers/users_controller.rb:39
  [1m[36mUser Update (0.6ms)[0m  [1m[33mUPDATE "users" SET "username" = $1, "password_digest" = $2, "updated_at" = $3 WHERE "users"."id" = $4[0m  [["username", "KingApe"], ["password_digest", "$2a$12$LBMKuU29eNMMJDOGYTjjROQmWPH4BYujm6dqvkEhZ3BFKxDce5eSy"], ["updated_at", "2021-01-11 19:19:01.607331"], ["id", 1]]
  ↳ app/controllers/users_controller.rb:39
  [1m[35m (1.5ms)[0m  [1m[35mCOMMIT[0m
  ↳ app/controllers/users_controller.rb:39
Redirected to http://localhost:3000/users/1
Completed 302 Found in 282ms (ActiveRecord: 3.9ms)


Started GET "/users/1" for ::1 at 2021-01-11 14:19:01 -0500
Processing by UsersController#show as HTML
  Parameters: {"id"=>"1"}
  [1m[36mUser Load (0.6ms)[0m  [1m[34mSELECT  "users".* FROM "users" WHERE "users"."session_token" = $1 LIMIT $2[0m  [["session_token", "+vTo8tDD9uONd6rUlz1lazQzu/JzN1cg4Q5fv4SxfLpZIGVU9y8dtdR6wlpTuS0dM+SWXNbxd0Eo/5cXD7ci0A=="], ["LIMIT", 1]]
  ↳ app/controllers/application_controller.rb:7
  [1m[36mUser Load (0.4ms)[0m  [1m[34mSELECT  "users".* FROM "users" WHERE "users"."id" = $1 LIMIT $2[0m  [["id", 1], ["LIMIT", 1]]
  ↳ app/controllers/users_controller.rb:16
  Rendering users/show.html.erb within layouts/application
  Rendered users/show.html.erb within layouts/application (0.2ms)
Completed 200 OK in 13ms (Views: 10.9ms | ActiveRecord: 1.0ms)


Started GET "/sub/new" for ::1 at 2021-01-11 14:19:56 -0500
  
ActionController::RoutingError (No route matches [GET] "/sub/new"):
  
actionpack (5.2.4.4) lib/action_dispatch/middleware/debug_exceptions.rb:65:in `call'
web-console (3.7.0) lib/web_console/middleware.rb:135:in `call_app'
web-console (3.7.0) lib/web_console/middleware.rb:30:in `block in call'
web-console (3.7.0) lib/web_console/middleware.rb:20:in `catch'
web-console (3.7.0) lib/web_console/middleware.rb:20:in `call'
actionpack (5.2.4.4) lib/action_dispatch/middleware/show_exceptions.rb:33:in `call'
railties (5.2.4.4) lib/rails/rack/logger.rb:38:in `call_app'
railties (5.2.4.4) lib/rails/rack/logger.rb:26:in `block in call'
activesupport (5.2.4.4) lib/active_support/tagged_logging.rb:71:in `block in tagged'
activesupport (5.2.4.4) lib/active_support/tagged_logging.rb:28:in `tagged'
activesupport (5.2.4.4) lib/active_support/tagged_logging.rb:71:in `tagged'
railties (5.2.4.4) lib/rails/rack/logger.rb:26:in `call'
sprockets-rails (3.2.2) lib/sprockets/rails/quiet_assets.rb:13:in `call'
actionpack (5.2.4.4) lib/action_dispatch/middleware/remote_ip.rb:81:in `call'
actionpack (5.2.4.4) lib/action_dispatch/middleware/request_id.rb:27:in `call'
rack (2.2.3) lib/rack/method_override.rb:24:in `call'
rack (2.2.3) lib/rack/runtime.rb:22:in `call'
activesupport (5.2.4.4) lib/active_support/cache/strategy/local_cache_middleware.rb:29:in `call'
actionpack (5.2.4.4) lib/action_dispatch/middleware/executor.rb:14:in `call'
actionpack (5.2.4.4) lib/action_dispatch/middleware/static.rb:127:in `call'
rack (2.2.3) lib/rack/sendfile.rb:110:in `call'
railties (5.2.4.4) lib/rails/engine.rb:524:in `call'
puma (3.12.6) lib/puma/configuration.rb:227:in `call'
puma (3.12.6) lib/puma/server.rb:706:in `handle_request'
puma (3.12.6) lib/puma/server.rb:476:in `process_client'
puma (3.12.6) lib/puma/server.rb:334:in `block in run'
puma (3.12.6) lib/puma/thread_pool.rb:135:in `block in spawn_thread'
Started GET "/subs/new" for ::1 at 2021-01-11 14:20:02 -0500
Processing by SubsController#new as HTML
  Rendering subs/new.html.erb within layouts/application
  Rendered subs/new.html.erb within layouts/application (0.4ms)
  [1m[36mUser Load (0.4ms)[0m  [1m[34mSELECT  "users".* FROM "users" WHERE "users"."session_token" = $1 LIMIT $2[0m  [["session_token", "+vTo8tDD9uONd6rUlz1lazQzu/JzN1cg4Q5fv4SxfLpZIGVU9y8dtdR6wlpTuS0dM+SWXNbxd0Eo/5cXD7ci0A=="], ["LIMIT", 1]]
  ↳ app/controllers/application_controller.rb:7
Completed 200 OK in 43ms (Views: 15.9ms | ActiveRecord: 21.1ms)


Started POST "/subs" for ::1 at 2021-01-11 14:20:23 -0500
Processing by SubsController#create as HTML
  Parameters: {"authenticity_token"=>"GGfDygkgJNQoqvBTRIHnS+CIZmC4TQGbGOk5ZNL7T2XizlhrWMVuVr0J/HUpftslOqYu3o5sEertDErUMbjVmQ==", "sub"=>{"user_id"=>"", "title"=>"Josh is the greatest", "description"=>"Because reasons"}}
  [1m[36mUser Load (0.5ms)[0m  [1m[34mSELECT  "users".* FROM "users" WHERE "users"."session_token" = $1 LIMIT $2[0m  [["session_token", "+vTo8tDD9uONd6rUlz1lazQzu/JzN1cg4Q5fv4SxfLpZIGVU9y8dtdR6wlpTuS0dM+SWXNbxd0Eo/5cXD7ci0A=="], ["LIMIT", 1]]
  ↳ app/controllers/application_controller.rb:7
  [1m[35m (0.2ms)[0m  [1m[35mBEGIN[0m
  ↳ app/controllers/subs_controller.rb:15
  [1m[35m (0.9ms)[0m  [1m[31mROLLBACK[0m
  ↳ app/controllers/subs_controller.rb:15
  [1m[35m (0.2ms)[0m  [1m[35mBEGIN[0m
  ↳ app/controllers/subs_controller.rb:17
  [1m[35m (1.3ms)[0m  [1m[31mROLLBACK[0m
  ↳ app/controllers/subs_controller.rb:17
Completed 500 Internal Server Error in 16ms (ActiveRecord: 3.1ms)


  
ActionController::UrlGenerationError (No route matches {:action=>"show", :controller=>"subs", :id=>nil}, missing required keys: [:id]):
  
app/controllers/subs_controller.rb:18:in `create'
Started GET "/subs/new" for ::1 at 2021-01-11 14:23:13 -0500
Processing by SubsController#new as HTML
  Rendering subs/new.html.erb within layouts/application
  Rendered subs/new.html.erb within layouts/application (0.4ms)
  [1m[36mUser Load (0.4ms)[0m  [1m[34mSELECT  "users".* FROM "users" WHERE "users"."session_token" = $1 LIMIT $2[0m  [["session_token", "+vTo8tDD9uONd6rUlz1lazQzu/JzN1cg4Q5fv4SxfLpZIGVU9y8dtdR6wlpTuS0dM+SWXNbxd0Eo/5cXD7ci0A=="], ["LIMIT", 1]]
  ↳ app/controllers/application_controller.rb:7
Completed 200 OK in 54ms (Views: 18.2ms | ActiveRecord: 31.4ms)


Started POST "/subs" for ::1 at 2021-01-11 14:23:22 -0500
Processing by SubsController#create as HTML
  Parameters: {"authenticity_token"=>"zqXw+MIg8O0/TMz3dzQa15FRiL9TlfovRlXzEPn31hg0DGtZk8W6b6rvwNEayya5S3/AAWW06l6zsICgGrRM5A==", "sub"=>{"user_id"=>"", "title"=>"Josh is the greatest", "description"=>"Because reasons"}}
  [1m[36mUser Load (0.6ms)[0m  [1m[34mSELECT  "users".* FROM "users" WHERE "users"."session_token" = $1 LIMIT $2[0m  [["session_token", "+vTo8tDD9uONd6rUlz1lazQzu/JzN1cg4Q5fv4SxfLpZIGVU9y8dtdR6wlpTuS0dM+SWXNbxd0Eo/5cXD7ci0A=="], ["LIMIT", 1]]
  ↳ app/controllers/application_controller.rb:7
  [1m[35m (0.3ms)[0m  [1m[35mBEGIN[0m
  ↳ app/controllers/subs_controller.rb:15
  [1m[36mUser Load (0.6ms)[0m  [1m[34mSELECT  "users".* FROM "users" WHERE "users"."id" = $1 LIMIT $2[0m  [["id", 1], ["LIMIT", 1]]
  ↳ app/controllers/subs_controller.rb:15
  [1m[36mSub Create (9.7ms)[0m  [1m[32mINSERT INTO "subs" ("title", "description", "user_id", "created_at", "updated_at") VALUES ($1, $2, $3, $4, $5) RETURNING "id"[0m  [["title", "Josh is the greatest"], ["description", "Because reasons"], ["user_id", 1], ["created_at", "2021-01-11 19:23:22.303047"], ["updated_at", "2021-01-11 19:23:22.303047"]]
  ↳ app/controllers/subs_controller.rb:15
  [1m[35m (0.4ms)[0m  [1m[35mCOMMIT[0m
  ↳ app/controllers/subs_controller.rb:15
  [1m[35m (0.2ms)[0m  [1m[35mBEGIN[0m
  ↳ app/controllers/subs_controller.rb:17
  [1m[35m (0.1ms)[0m  [1m[35mCOMMIT[0m
  ↳ app/controllers/subs_controller.rb:17
Redirected to http://localhost:3000/subs/1
Completed 302 Found in 21ms (ActiveRecord: 11.8ms)


Started GET "/subs/1" for ::1 at 2021-01-11 14:23:22 -0500
Processing by SubsController#show as HTML
  Parameters: {"id"=>"1"}
  [1m[36mSub Load (0.5ms)[0m  [1m[34mSELECT  "subs".* FROM "subs" WHERE "subs"."id" = $1 LIMIT $2[0m  [["id", 1], ["LIMIT", 1]]
  ↳ app/controllers/subs_controller.rb:37
  Rendering subs/show.html.erb within layouts/application
  Rendered subs/show.html.erb within layouts/application (0.2ms)
  [1m[36mUser Load (0.4ms)[0m  [1m[34mSELECT  "users".* FROM "users" WHERE "users"."session_token" = $1 LIMIT $2[0m  [["session_token", "+vTo8tDD9uONd6rUlz1lazQzu/JzN1cg4Q5fv4SxfLpZIGVU9y8dtdR6wlpTuS0dM+SWXNbxd0Eo/5cXD7ci0A=="], ["LIMIT", 1]]
  ↳ app/controllers/application_controller.rb:7
Completed 200 OK in 24ms (Views: 22.0ms | ActiveRecord: 0.9ms)


Started GET "/subs/1" for ::1 at 2021-01-11 14:24:14 -0500
Processing by SubsController#show as HTML
  Parameters: {"id"=>"1"}
  [1m[36mSub Load (0.9ms)[0m  [1m[34mSELECT  "subs".* FROM "subs" WHERE "subs"."id" = $1 LIMIT $2[0m  [["id", 1], ["LIMIT", 1]]
  ↳ app/controllers/subs_controller.rb:37
  Rendering subs/show.html.erb within layouts/application
  Rendered subs/show.html.erb within layouts/application (0.2ms)
  [1m[36mUser Load (0.5ms)[0m  [1m[34mSELECT  "users".* FROM "users" WHERE "users"."session_token" = $1 LIMIT $2[0m  [["session_token", "+vTo8tDD9uONd6rUlz1lazQzu/JzN1cg4Q5fv4SxfLpZIGVU9y8dtdR6wlpTuS0dM+SWXNbxd0Eo/5cXD7ci0A=="], ["LIMIT", 1]]
  ↳ app/controllers/application_controller.rb:7
Completed 200 OK in 20ms (Views: 18.1ms | ActiveRecord: 1.4ms)


Started GET "/subs" for ::1 at 2021-01-11 14:26:24 -0500
Processing by SubsController#index as HTML
  Rendering subs/index.html.erb within layouts/application
  [1m[36mSub Load (0.7ms)[0m  [1m[34mSELECT "subs".* FROM "subs"[0m
  ↳ app/views/subs/index.html.erb:3
  Rendered subs/index.html.erb within layouts/application (1.6ms)
  [1m[36mUser Load (0.4ms)[0m  [1m[34mSELECT  "users".* FROM "users" WHERE "users"."session_token" = $1 LIMIT $2[0m  [["session_token", "+vTo8tDD9uONd6rUlz1lazQzu/JzN1cg4Q5fv4SxfLpZIGVU9y8dtdR6wlpTuS0dM+SWXNbxd0Eo/5cXD7ci0A=="], ["LIMIT", 1]]
  ↳ app/controllers/application_controller.rb:7
Completed 200 OK in 22ms (Views: 19.9ms | ActiveRecord: 1.1ms)


