  [1m[35m (626.9ms)[0m  [1m[35mCREATE DATABASE "cats_99_development" ENCODING = 'unicode'[0m
  ↳ bin/rails:9
  [1m[35m (322.1ms)[0m  [1m[35mCREATE DATABASE "cats_99_test" ENCODING = 'unicode'[0m
  ↳ bin/rails:9
  [1m[35m (74.1ms)[0m  [1m[35mCREATE TABLE "schema_migrations" ("version" character varying NOT NULL PRIMARY KEY)[0m
  ↳ bin/rails:9
  [1m[35m (4.5ms)[0m  [1m[35mCREATE TABLE "ar_internal_metadata" ("key" character varying NOT NULL PRIMARY KEY, "value" character varying, "created_at" timestamp NOT NULL, "updated_at" timestamp NOT NULL)[0m
  ↳ bin/rails:9
  [1m[35m (0.6ms)[0m  [1m[34mSELECT pg_try_advisory_lock(2260121364129154575)[0m
  ↳ bin/rails:9
  [1m[35m (2.5ms)[0m  [1m[34mSELECT "schema_migrations"."version" FROM "schema_migrations" ORDER BY "schema_migrations"."version" ASC[0m
  ↳ bin/rails:9
Migrating to CreateCats (20201231214643)
  [1m[35m (0.5ms)[0m  [1m[35mBEGIN[0m
  ↳ bin/rails:9
  [1m[35m (24.0ms)[0m  [1m[35mCREATE TABLE "cats" ("id" bigserial primary key, "date" character varying NOT NULL, "color" character varying NOT NULL, "name" character varying NOT NULL, "sex" character varying(1) NOT NULL, "description" text NOT NULL, "created_at" timestamp NOT NULL, "updated_at" timestamp NOT NULL)[0m
  ↳ db/migrate/20201231214643_create_cats.rb:3
  [1m[36mActiveRecord::SchemaMigration Create (2.9ms)[0m  [1m[32mINSERT INTO "schema_migrations" ("version") VALUES ($1) RETURNING "version"[0m  [["version", "20201231214643"]]
  ↳ bin/rails:9
  [1m[35m (0.4ms)[0m  [1m[35mCOMMIT[0m
  ↳ bin/rails:9
  [1m[36mActiveRecord::InternalMetadata Load (2.8ms)[0m  [1m[34mSELECT  "ar_internal_metadata".* FROM "ar_internal_metadata" WHERE "ar_internal_metadata"."key" = $1 LIMIT $2[0m  [["key", "environment"], ["LIMIT", 1]]
  ↳ bin/rails:9
  [1m[35m (0.2ms)[0m  [1m[35mBEGIN[0m
  ↳ bin/rails:9
  [1m[36mActiveRecord::InternalMetadata Create (1.2ms)[0m  [1m[32mINSERT INTO "ar_internal_metadata" ("key", "value", "created_at", "updated_at") VALUES ($1, $2, $3, $4) RETURNING "key"[0m  [["key", "environment"], ["value", "development"], ["created_at", "2020-12-31 21:53:20.067173"], ["updated_at", "2020-12-31 21:53:20.067173"]]
  ↳ bin/rails:9
  [1m[35m (1.9ms)[0m  [1m[35mCOMMIT[0m
  ↳ bin/rails:9
  [1m[35m (0.2ms)[0m  [1m[34mSELECT pg_advisory_unlock(2260121364129154575)[0m
  ↳ bin/rails:9
  [1m[35m (0.7ms)[0m  [1m[34mSELECT "schema_migrations"."version" FROM "schema_migrations" ORDER BY "schema_migrations"."version" ASC[0m
  ↳ bin/rails:9
  [1m[35m (518.6ms)[0m  [1m[35mCREATE DATABASE "cats_99_development" ENCODING = 'unicode'[0m
  ↳ bin/rails:9
  [1m[35m (180.0ms)[0m  [1m[35mCREATE DATABASE "cats_99_test" ENCODING = 'unicode'[0m
  ↳ bin/rails:9
  [1m[35m (44.9ms)[0m  [1m[35mCREATE TABLE "schema_migrations" ("version" character varying NOT NULL PRIMARY KEY)[0m
  ↳ bin/rails:9
  [1m[35m (7.4ms)[0m  [1m[35mCREATE TABLE "ar_internal_metadata" ("key" character varying NOT NULL PRIMARY KEY, "value" character varying, "created_at" timestamp NOT NULL, "updated_at" timestamp NOT NULL)[0m
  ↳ bin/rails:9
  [1m[35m (0.9ms)[0m  [1m[34mSELECT pg_try_advisory_lock(2260121364129154575)[0m
  ↳ bin/rails:9
  [1m[35m (1.1ms)[0m  [1m[34mSELECT "schema_migrations"."version" FROM "schema_migrations" ORDER BY "schema_migrations"."version" ASC[0m
  ↳ bin/rails:9
Migrating to CreateCats (20201231214643)
  [1m[35m (0.2ms)[0m  [1m[35mBEGIN[0m
  ↳ bin/rails:9
  [1m[35m (9.1ms)[0m  [1m[35mCREATE TABLE "cats" ("id" bigserial primary key, "date" character varying NOT NULL, "color" character varying NOT NULL, "name" character varying NOT NULL, "sex" character varying(1) NOT NULL, "description" text NOT NULL, "created_at" timestamp NOT NULL, "updated_at" timestamp NOT NULL)[0m
  ↳ db/migrate/20201231214643_create_cats.rb:3
  [1m[36mActiveRecord::SchemaMigration Create (4.1ms)[0m  [1m[32mINSERT INTO "schema_migrations" ("version") VALUES ($1) RETURNING "version"[0m  [["version", "20201231214643"]]
  ↳ bin/rails:9
  [1m[35m (0.5ms)[0m  [1m[35mCOMMIT[0m
  ↳ bin/rails:9
Migrating to RenameDateFromCats (20201231220629)
  [1m[35m (0.3ms)[0m  [1m[35mBEGIN[0m
  ↳ bin/rails:9
  [1m[35m (2.5ms)[0m  [1m[35mALTER TABLE "cats" DROP COLUMN "date"[0m
  ↳ db/migrate/20201231220629_rename_date_from_cats.rb:3
  [1m[35m (1.2ms)[0m  [1m[35mALTER TABLE "cats" ADD "birth_date" date[0m
  ↳ db/migrate/20201231220629_rename_date_from_cats.rb:4
  [1m[36mActiveRecord::SchemaMigration Create (0.3ms)[0m  [1m[32mINSERT INTO "schema_migrations" ("version") VALUES ($1) RETURNING "version"[0m  [["version", "20201231220629"]]
  ↳ bin/rails:9
  [1m[35m (0.3ms)[0m  [1m[35mCOMMIT[0m
  ↳ bin/rails:9
  [1m[36mActiveRecord::InternalMetadata Load (0.5ms)[0m  [1m[34mSELECT  "ar_internal_metadata".* FROM "ar_internal_metadata" WHERE "ar_internal_metadata"."key" = $1 LIMIT $2[0m  [["key", "environment"], ["LIMIT", 1]]
  ↳ bin/rails:9
  [1m[35m (0.2ms)[0m  [1m[35mBEGIN[0m
  ↳ bin/rails:9
  [1m[36mActiveRecord::InternalMetadata Create (1.0ms)[0m  [1m[32mINSERT INTO "ar_internal_metadata" ("key", "value", "created_at", "updated_at") VALUES ($1, $2, $3, $4) RETURNING "key"[0m  [["key", "environment"], ["value", "development"], ["created_at", "2020-12-31 22:09:40.510993"], ["updated_at", "2020-12-31 22:09:40.510993"]]
  ↳ bin/rails:9
  [1m[35m (0.5ms)[0m  [1m[35mCOMMIT[0m
  ↳ bin/rails:9
  [1m[35m (0.2ms)[0m  [1m[34mSELECT pg_advisory_unlock(2260121364129154575)[0m
  ↳ bin/rails:9
  [1m[35m (0.5ms)[0m  [1m[34mSELECT "schema_migrations"."version" FROM "schema_migrations" ORDER BY "schema_migrations"."version" ASC[0m
  ↳ bin/rails:9
  [1m[35m (1.7ms)[0m  [1m[34mSELECT "schema_migrations"."version" FROM "schema_migrations" ORDER BY "schema_migrations"."version" ASC[0m
  ↳ bin/rails:9
  [1m[36mCat Load (1.6ms)[0m  [1m[34mSELECT "cats".* FROM "cats"[0m
  ↳ db/seeds.rb:10
  [1m[35m (0.2ms)[0m  [1m[35mBEGIN[0m
  ↳ db/seeds.rb:11
  [1m[35m (0.1ms)[0m  [1m[31mROLLBACK[0m
  ↳ db/seeds.rb:11
  [1m[35m (2.0ms)[0m  [1m[34mSELECT "schema_migrations"."version" FROM "schema_migrations" ORDER BY "schema_migrations"."version" ASC[0m
  ↳ bin/rails:9
  [1m[36mCat Load (1.1ms)[0m  [1m[34mSELECT "cats".* FROM "cats"[0m
  ↳ db/seeds.rb:10
  [1m[35m (0.1ms)[0m  [1m[35mBEGIN[0m
  ↳ db/seeds.rb:11
  [1m[36mCat Create (15.5ms)[0m  [1m[32mINSERT INTO "cats" ("color", "name", "sex", "description", "created_at", "updated_at", "birth_date") VALUES ($1, $2, $3, $4, $5, $6, $7) RETURNING "id"[0m  [["color", "brown"], ["name", "Tom"], ["sex", "M"], ["description", "Lazy"], ["created_at", "2020-12-31 22:43:44.772801"], ["updated_at", "2020-12-31 22:43:44.772801"], ["birth_date", "2012-01-10"]]
  ↳ db/seeds.rb:11
  [1m[35m (1.6ms)[0m  [1m[35mCOMMIT[0m
  ↳ db/seeds.rb:11
  [1m[35m (0.1ms)[0m  [1m[35mBEGIN[0m
  ↳ db/seeds.rb:12
  [1m[36mCat Create (0.4ms)[0m  [1m[32mINSERT INTO "cats" ("color", "name", "sex", "description", "created_at", "updated_at", "birth_date") VALUES ($1, $2, $3, $4, $5, $6, $7) RETURNING "id"[0m  [["color", "red"], ["name", "Charlie"], ["sex", "F"], ["description", "Smart"], ["created_at", "2020-12-31 22:43:44.792138"], ["updated_at", "2020-12-31 22:43:44.792138"], ["birth_date", "2017-10-15"]]
  ↳ db/seeds.rb:12
  [1m[35m (0.5ms)[0m  [1m[35mCOMMIT[0m
  ↳ db/seeds.rb:12
Started GET "/cats" for ::1 at 2020-12-31 14:44:39 -0800
  [1m[35m (1.8ms)[0m  [1m[34mSELECT "schema_migrations"."version" FROM "schema_migrations" ORDER BY "schema_migrations"."version" ASC[0m
  ↳ /Users/alexkansas/.rvm/gems/ruby-2.5.1/gems/activerecord-5.2.4.4/lib/active_record/log_subscriber.rb:98
Processing by CatsController#index as */*
  [1m[36mCat Load (1.1ms)[0m  [1m[34mSELECT "cats".* FROM "cats"[0m
  ↳ app/controllers/cats_controller.rb:5
Completed 200 OK in 36ms (Views: 16.6ms | ActiveRecord: 10.7ms)


Started GET "/cats/1" for ::1 at 2020-12-31 14:44:55 -0800
Processing by CatsController#show as */*
  Parameters: {"id"=>"1"}
  [1m[36mCat Load (0.6ms)[0m  [1m[34mSELECT  "cats".* FROM "cats" WHERE "cats"."id" = $1 LIMIT $2[0m  [["id", 1], ["LIMIT", 1]]
  ↳ app/controllers/cats_controller.rb:9
  Rendering cats/show.html.erb within layouts/application
  Rendered cats/show.html.erb within layouts/application (19.1ms)
Completed 200 OK in 873ms (Views: 800.6ms | ActiveRecord: 1.0ms)


Started GET "/cats/1" for ::1 at 2020-12-31 14:51:41 -0800
Processing by CatsController#show as */*
  Parameters: {"id"=>"1"}
  [1m[36mCat Load (1.9ms)[0m  [1m[34mSELECT  "cats".* FROM "cats" WHERE "cats"."id" = $1 LIMIT $2[0m  [["id", 1], ["LIMIT", 1]]
  ↳ app/controllers/cats_controller.rb:9
  Rendering cats/show.html.erb within layouts/application
  Rendered cats/show.html.erb within layouts/application (1.8ms)
Completed 200 OK in 265ms (Views: 187.9ms | ActiveRecord: 2.1ms)


Started POST "/cats/1" for ::1 at 2020-12-31 14:51:54 -0800
  
ActionController::RoutingError (No route matches [POST] "/cats/1"):
  
actionpack (5.2.4.4) lib/action_dispatch/middleware/debug_exceptions.rb:65:in `call'
web-console (3.7.0) lib/web_console/middleware.rb:135:in `call_app'
web-console (3.7.0) lib/web_console/middleware.rb:30:in `block in call'
web-console (3.7.0) lib/web_console/middleware.rb:20:in `catch'
web-console (3.7.0) lib/web_console/middleware.rb:20:in `call'
actionpack (5.2.4.4) lib/action_dispatch/middleware/show_exceptions.rb:33:in `call'
railties (5.2.4.4) lib/rails/rack/logger.rb:38:in `call_app'
railties (5.2.4.4) lib/rails/rack/logger.rb:26:in `block in call'
activesupport (5.2.4.4) lib/active_support/tagged_logging.rb:71:in `block in tagged'
activesupport (5.2.4.4) lib/active_support/tagged_logging.rb:28:in `tagged'
activesupport (5.2.4.4) lib/active_support/tagged_logging.rb:71:in `tagged'
railties (5.2.4.4) lib/rails/rack/logger.rb:26:in `call'
sprockets-rails (3.2.2) lib/sprockets/rails/quiet_assets.rb:13:in `call'
actionpack (5.2.4.4) lib/action_dispatch/middleware/remote_ip.rb:81:in `call'
actionpack (5.2.4.4) lib/action_dispatch/middleware/request_id.rb:27:in `call'
rack (2.2.3) lib/rack/method_override.rb:24:in `call'
rack (2.2.3) lib/rack/runtime.rb:22:in `call'
activesupport (5.2.4.4) lib/active_support/cache/strategy/local_cache_middleware.rb:29:in `call'
actionpack (5.2.4.4) lib/action_dispatch/middleware/executor.rb:14:in `call'
actionpack (5.2.4.4) lib/action_dispatch/middleware/static.rb:127:in `call'
rack (2.2.3) lib/rack/sendfile.rb:110:in `call'
railties (5.2.4.4) lib/rails/engine.rb:524:in `call'
puma (3.12.6) lib/puma/configuration.rb:227:in `call'
puma (3.12.6) lib/puma/server.rb:706:in `handle_request'
puma (3.12.6) lib/puma/server.rb:476:in `process_client'
puma (3.12.6) lib/puma/server.rb:334:in `block in run'
puma (3.12.6) lib/puma/thread_pool.rb:135:in `block in spawn_thread'
Started POST "/cats" for ::1 at 2020-12-31 14:52:02 -0800
  
AbstractController::ActionNotFound (The action 'create' could not be found for CatsController):
  
actionpack (5.2.4.4) lib/abstract_controller/base.rb:129:in `process'
actionview (5.2.4.4) lib/action_view/rendering.rb:32:in `process'
actionpack (5.2.4.4) lib/action_controller/metal.rb:191:in `dispatch'
actionpack (5.2.4.4) lib/action_controller/metal.rb:252:in `dispatch'
actionpack (5.2.4.4) lib/action_dispatch/routing/route_set.rb:52:in `dispatch'
actionpack (5.2.4.4) lib/action_dispatch/routing/route_set.rb:34:in `serve'
actionpack (5.2.4.4) lib/action_dispatch/journey/router.rb:52:in `block in serve'
actionpack (5.2.4.4) lib/action_dispatch/journey/router.rb:35:in `each'
actionpack (5.2.4.4) lib/action_dispatch/journey/router.rb:35:in `serve'
actionpack (5.2.4.4) lib/action_dispatch/routing/route_set.rb:840:in `call'
rack (2.2.3) lib/rack/tempfile_reaper.rb:15:in `call'
rack (2.2.3) lib/rack/etag.rb:27:in `call'
rack (2.2.3) lib/rack/conditional_get.rb:40:in `call'
rack (2.2.3) lib/rack/head.rb:12:in `call'
actionpack (5.2.4.4) lib/action_dispatch/http/content_security_policy.rb:18:in `call'
rack (2.2.3) lib/rack/session/abstract/id.rb:266:in `context'
rack (2.2.3) lib/rack/session/abstract/id.rb:260:in `call'
actionpack (5.2.4.4) lib/action_dispatch/middleware/cookies.rb:670:in `call'
activerecord (5.2.4.4) lib/active_record/migration.rb:559:in `call'
actionpack (5.2.4.4) lib/action_dispatch/middleware/callbacks.rb:28:in `block in call'
activesupport (5.2.4.4) lib/active_support/callbacks.rb:98:in `run_callbacks'
actionpack (5.2.4.4) lib/action_dispatch/middleware/callbacks.rb:26:in `call'
actionpack (5.2.4.4) lib/action_dispatch/middleware/executor.rb:14:in `call'
actionpack (5.2.4.4) lib/action_dispatch/middleware/debug_exceptions.rb:61:in `call'
web-console (3.7.0) lib/web_console/middleware.rb:135:in `call_app'
web-console (3.7.0) lib/web_console/middleware.rb:30:in `block in call'
web-console (3.7.0) lib/web_console/middleware.rb:20:in `catch'
web-console (3.7.0) lib/web_console/middleware.rb:20:in `call'
actionpack (5.2.4.4) lib/action_dispatch/middleware/show_exceptions.rb:33:in `call'
railties (5.2.4.4) lib/rails/rack/logger.rb:38:in `call_app'
railties (5.2.4.4) lib/rails/rack/logger.rb:26:in `block in call'
activesupport (5.2.4.4) lib/active_support/tagged_logging.rb:71:in `block in tagged'
activesupport (5.2.4.4) lib/active_support/tagged_logging.rb:28:in `tagged'
activesupport (5.2.4.4) lib/active_support/tagged_logging.rb:71:in `tagged'
railties (5.2.4.4) lib/rails/rack/logger.rb:26:in `call'
sprockets-rails (3.2.2) lib/sprockets/rails/quiet_assets.rb:13:in `call'
actionpack (5.2.4.4) lib/action_dispatch/middleware/remote_ip.rb:81:in `call'
actionpack (5.2.4.4) lib/action_dispatch/middleware/request_id.rb:27:in `call'
rack (2.2.3) lib/rack/method_override.rb:24:in `call'
rack (2.2.3) lib/rack/runtime.rb:22:in `call'
activesupport (5.2.4.4) lib/active_support/cache/strategy/local_cache_middleware.rb:29:in `call'
actionpack (5.2.4.4) lib/action_dispatch/middleware/executor.rb:14:in `call'
actionpack (5.2.4.4) lib/action_dispatch/middleware/static.rb:127:in `call'
rack (2.2.3) lib/rack/sendfile.rb:110:in `call'
railties (5.2.4.4) lib/rails/engine.rb:524:in `call'
puma (3.12.6) lib/puma/configuration.rb:227:in `call'
puma (3.12.6) lib/puma/server.rb:706:in `handle_request'
puma (3.12.6) lib/puma/server.rb:476:in `process_client'
puma (3.12.6) lib/puma/server.rb:334:in `block in run'
puma (3.12.6) lib/puma/thread_pool.rb:135:in `block in spawn_thread'
Started POST "/cats" for ::1 at 2020-12-31 15:00:47 -0800
Processing by CatsController#create as */*
  Parameters: {"cat"=>{"name"=>"Sam", "birth_date"=>"2015/07/01", "color"=>"brown", "sex"=>"M", "description"=>"Boring"}}
  [1m[35m (0.6ms)[0m  [1m[35mBEGIN[0m
  ↳ app/controllers/cats_controller.rb:15
  [1m[36mCat Create (1.2ms)[0m  [1m[32mINSERT INTO "cats" ("color", "name", "sex", "description", "created_at", "updated_at", "birth_date") VALUES ($1, $2, $3, $4, $5, $6, $7) RETURNING "id"[0m  [["color", "brown"], ["name", "Sam"], ["sex", "M"], ["description", "Boring"], ["created_at", "2020-12-31 23:00:47.828625"], ["updated_at", "2020-12-31 23:00:47.828625"], ["birth_date", "2015-07-01"]]
  ↳ app/controllers/cats_controller.rb:15
  [1m[35m (2.1ms)[0m  [1m[35mCOMMIT[0m
  ↳ app/controllers/cats_controller.rb:15
Completed 200 OK in 44ms (Views: 0.6ms | ActiveRecord: 29.0ms)


Started GET "/" for ::1 at 2020-12-31 15:34:19 -0800
Processing by Rails::WelcomeController#index as HTML
  Rendering /Users/alexkansas/.rvm/gems/ruby-2.5.1/gems/railties-5.2.4.4/lib/rails/templates/rails/welcome/index.html.erb
  Rendered /Users/alexkansas/.rvm/gems/ruby-2.5.1/gems/railties-5.2.4.4/lib/rails/templates/rails/welcome/index.html.erb (31.9ms)
Completed 200 OK in 66ms (Views: 52.7ms | ActiveRecord: 0.0ms)


Started GET "/cats" for ::1 at 2020-12-31 15:34:28 -0800
Processing by CatsController#index as HTML
Completed 500 Internal Server Error in 20ms (ActiveRecord: 0.0ms)


  
ActionView::MissingTemplate (Missing template cats/index, application/index with {:locale=>[:en], :formats=>[:html], :variants=>[], :handlers=>[:raw, :erb, :html, :builder, :ruby, :coffee, :jbuilder]}. Searched in:
  * "/Users/alexkansas/Desktop/jsadsad/aA_Classwork/W6D5/cats_99/app/views"
):
  
app/controllers/cats_controller.rb:10:in `index'
Started GET "/cats" for ::1 at 2020-12-31 15:35:02 -0800
Processing by CatsController#index as HTML
  Rendering cats/index.html.erb within layouts/application
  Rendered cats/index.html.erb within layouts/application (0.4ms)
Completed 200 OK in 57ms (Views: 56.6ms | ActiveRecord: 0.0ms)


Started GET "/cats/1" for ::1 at 2020-12-31 15:35:21 -0800
Processing by CatsController#show as HTML
  Parameters: {"id"=>"1"}
  [1m[36mCat Load (1.7ms)[0m  [1m[34mSELECT  "cats".* FROM "cats" WHERE "cats"."id" = $1 LIMIT $2[0m  [["id", 1], ["LIMIT", 1]]
  ↳ app/controllers/cats_controller.rb:14
  Rendering cats/show.html.erb within layouts/application
  Rendered cats/show.html.erb within layouts/application (0.6ms)
Completed 200 OK in 76ms (Views: 32.5ms | ActiveRecord: 28.4ms)


Started GET "/cats/new" for ::1 at 2020-12-31 15:35:29 -0800
Processing by CatsController#new as HTML
  Rendering cats/new.html.erb within layouts/application
  Rendered cats/_form.html.erb (0.4ms)
  Rendered cats/new.html.erb within layouts/application (14.2ms)
Completed 200 OK in 63ms (Views: 62.3ms | ActiveRecord: 0.0ms)


Started GET "/cats/new" for ::1 at 2020-12-31 15:35:56 -0800
Processing by CatsController#new as HTML
  Rendering cats/new.html.erb within layouts/application
  Rendered cats/_form.html.erb (0.9ms)
  Rendered cats/new.html.erb within layouts/application (6.6ms)
Completed 200 OK in 61ms (Views: 60.1ms | ActiveRecord: 0.0ms)


Started GET "/cats/new" for ::1 at 2020-12-31 15:36:28 -0800
Processing by CatsController#new as HTML
  Rendering cats/new.html.erb within layouts/application
  Rendered cats/_form.html.erb (0.8ms)
  Rendered cats/new.html.erb within layouts/application (9.8ms)
Completed 200 OK in 180ms (Views: 179.0ms | ActiveRecord: 0.0ms)


Started GET "/cats/new" for ::1 at 2020-12-31 15:36:37 -0800
Processing by CatsController#new as HTML
  Rendering cats/new.html.erb within layouts/application
  Rendered cats/_form.html.erb (0.4ms)
  Rendered cats/new.html.erb within layouts/application (5.1ms)
Completed 200 OK in 42ms (Views: 41.1ms | ActiveRecord: 0.0ms)


Started POST "/cats" for ::1 at 2020-12-31 15:38:20 -0800
Processing by CatsController#create as HTML
  Parameters: {"cat"=>{"name"=>"Tommy"}, "sex"=>"male", "color"=>"black", "date"=>"2019-04-03"}
  [1m[35m (0.5ms)[0m  [1m[35mBEGIN[0m
  ↳ app/controllers/cats_controller.rb:20
  [1m[35m (0.2ms)[0m  [1m[31mROLLBACK[0m
  ↳ app/controllers/cats_controller.rb:20
  Rendering cats/new.html.erb within layouts/application
  Rendered cats/_form.html.erb (0.3ms)
  Rendered cats/new.html.erb within layouts/application (3.7ms)
Completed 200 OK in 64ms (Views: 48.0ms | ActiveRecord: 0.6ms)


Started GET "/" for ::1 at 2020-12-31 16:05:42 -0800
  [1m[35m (1.2ms)[0m  [1m[34mSELECT "schema_migrations"."version" FROM "schema_migrations" ORDER BY "schema_migrations"."version" ASC[0m
  ↳ /Users/jsadsad/.rbenv/versions/2.5.1/lib/ruby/gems/2.5.0/gems/activerecord-5.2.4.4/lib/active_record/log_subscriber.rb:98
  
ActiveRecord::PendingMigrationError (

Migrations are pending. To resolve this issue, run:

        bin/rails db:migrate RAILS_ENV=development

):
  
activerecord (5.2.4.4) lib/active_record/migration.rb:579:in `check_pending!'
activerecord (5.2.4.4) lib/active_record/migration.rb:556:in `call'
actionpack (5.2.4.4) lib/action_dispatch/middleware/callbacks.rb:28:in `block in call'
activesupport (5.2.4.4) lib/active_support/callbacks.rb:98:in `run_callbacks'
actionpack (5.2.4.4) lib/action_dispatch/middleware/callbacks.rb:26:in `call'
actionpack (5.2.4.4) lib/action_dispatch/middleware/executor.rb:14:in `call'
actionpack (5.2.4.4) lib/action_dispatch/middleware/debug_exceptions.rb:61:in `call'
web-console (3.7.0) lib/web_console/middleware.rb:135:in `call_app'
web-console (3.7.0) lib/web_console/middleware.rb:30:in `block in call'
web-console (3.7.0) lib/web_console/middleware.rb:20:in `catch'
web-console (3.7.0) lib/web_console/middleware.rb:20:in `call'
actionpack (5.2.4.4) lib/action_dispatch/middleware/show_exceptions.rb:33:in `call'
railties (5.2.4.4) lib/rails/rack/logger.rb:38:in `call_app'
railties (5.2.4.4) lib/rails/rack/logger.rb:26:in `block in call'
activesupport (5.2.4.4) lib/active_support/tagged_logging.rb:71:in `block in tagged'
activesupport (5.2.4.4) lib/active_support/tagged_logging.rb:28:in `tagged'
activesupport (5.2.4.4) lib/active_support/tagged_logging.rb:71:in `tagged'
railties (5.2.4.4) lib/rails/rack/logger.rb:26:in `call'
sprockets-rails (3.2.2) lib/sprockets/rails/quiet_assets.rb:13:in `call'
actionpack (5.2.4.4) lib/action_dispatch/middleware/remote_ip.rb:81:in `call'
actionpack (5.2.4.4) lib/action_dispatch/middleware/request_id.rb:27:in `call'
rack (2.2.3) lib/rack/method_override.rb:24:in `call'
rack (2.2.3) lib/rack/runtime.rb:22:in `call'
activesupport (5.2.4.4) lib/active_support/cache/strategy/local_cache_middleware.rb:29:in `call'
actionpack (5.2.4.4) lib/action_dispatch/middleware/executor.rb:14:in `call'
actionpack (5.2.4.4) lib/action_dispatch/middleware/static.rb:127:in `call'
rack (2.2.3) lib/rack/sendfile.rb:110:in `call'
railties (5.2.4.4) lib/rails/engine.rb:524:in `call'
puma (3.12.6) lib/puma/configuration.rb:227:in `call'
puma (3.12.6) lib/puma/server.rb:706:in `handle_request'
puma (3.12.6) lib/puma/server.rb:476:in `process_client'
puma (3.12.6) lib/puma/server.rb:334:in `block in run'
puma (3.12.6) lib/puma/thread_pool.rb:135:in `block in spawn_thread'
  [1m[35m (0.3ms)[0m  [1m[34mSELECT pg_try_advisory_lock(2260121364129154575)[0m
  ↳ bin/rails:9
  [1m[35m (1.6ms)[0m  [1m[34mSELECT "schema_migrations"."version" FROM "schema_migrations" ORDER BY "schema_migrations"."version" ASC[0m
  ↳ bin/rails:9
Migrating to RenameDateFromCats (20201231220629)
  [1m[35m (0.2ms)[0m  [1m[35mBEGIN[0m
  ↳ bin/rails:9
  [1m[35m (22.8ms)[0m  [1m[35mALTER TABLE "cats" DROP COLUMN "date"[0m
  ↳ db/migrate/20201231220629_rename_date_from_cats.rb:3
  [1m[35m (6.7ms)[0m  [1m[35mALTER TABLE "cats" ADD "birth_date" date[0m
  ↳ db/migrate/20201231220629_rename_date_from_cats.rb:4
  [1m[36mActiveRecord::SchemaMigration Create (1.6ms)[0m  [1m[32mINSERT INTO "schema_migrations" ("version") VALUES ($1) RETURNING "version"[0m  [["version", "20201231220629"]]
  ↳ bin/rails:9
  [1m[35m (0.9ms)[0m  [1m[35mCOMMIT[0m
  ↳ bin/rails:9
  [1m[36mActiveRecord::InternalMetadata Load (6.6ms)[0m  [1m[34mSELECT  "ar_internal_metadata".* FROM "ar_internal_metadata" WHERE "ar_internal_metadata"."key" = $1 LIMIT $2[0m  [["key", "environment"], ["LIMIT", 1]]
  ↳ bin/rails:9
  [1m[35m (0.2ms)[0m  [1m[35mBEGIN[0m
  ↳ bin/rails:9
  [1m[35m (1.2ms)[0m  [1m[35mCOMMIT[0m
  ↳ bin/rails:9
  [1m[35m (0.5ms)[0m  [1m[34mSELECT pg_advisory_unlock(2260121364129154575)[0m
  ↳ bin/rails:9
  [1m[35m (0.3ms)[0m  [1m[34mSELECT "schema_migrations"."version" FROM "schema_migrations" ORDER BY "schema_migrations"."version" ASC[0m
  ↳ bin/rails:9
Started GET "/" for ::1 at 2020-12-31 16:06:06 -0800
  [1m[35m (1.3ms)[0m  [1m[34mSELECT "schema_migrations"."version" FROM "schema_migrations" ORDER BY "schema_migrations"."version" ASC[0m
  ↳ /Users/jsadsad/.rbenv/versions/2.5.1/lib/ruby/gems/2.5.0/gems/activerecord-5.2.4.4/lib/active_record/log_subscriber.rb:98
Processing by Rails::WelcomeController#index as HTML
  Rendering /Users/jsadsad/.rbenv/versions/2.5.1/lib/ruby/gems/2.5.0/gems/railties-5.2.4.4/lib/rails/templates/rails/welcome/index.html.erb
  Rendered /Users/jsadsad/.rbenv/versions/2.5.1/lib/ruby/gems/2.5.0/gems/railties-5.2.4.4/lib/rails/templates/rails/welcome/index.html.erb (3.4ms)
Completed 200 OK in 46ms (Views: 14.2ms | ActiveRecord: 0.0ms)


Started GET "/cats" for ::1 at 2020-12-31 16:06:12 -0800
Processing by CatsController#index as HTML
  Rendering cats/index.html.erb within layouts/application
  Rendered cats/index.html.erb within layouts/application (0.7ms)
Completed 200 OK in 1269ms (Views: 1251.2ms | ActiveRecord: 0.0ms)


Started GET "/cats/1" for ::1 at 2020-12-31 16:06:18 -0800
Processing by CatsController#show as HTML
  Parameters: {"id"=>"1"}
  [1m[36mCat Load (2.1ms)[0m  [1m[34mSELECT  "cats".* FROM "cats" WHERE "cats"."id" = $1 LIMIT $2[0m  [["id", 1], ["LIMIT", 1]]
  ↳ app/controllers/cats_controller.rb:14
  Rendering cats/show.html.erb within layouts/application
  Rendered cats/show.html.erb within layouts/application (0.4ms)
Completed 200 OK in 88ms (Views: 63.6ms | ActiveRecord: 10.7ms)


Started GET "/cats/2" for ::1 at 2020-12-31 16:06:22 -0800
Processing by CatsController#show as HTML
  Parameters: {"id"=>"2"}
  [1m[36mCat Load (0.8ms)[0m  [1m[34mSELECT  "cats".* FROM "cats" WHERE "cats"."id" = $1 LIMIT $2[0m  [["id", 2], ["LIMIT", 1]]
  ↳ app/controllers/cats_controller.rb:14
  Rendering cats/show.html.erb within layouts/application
  Rendered cats/show.html.erb within layouts/application (0.4ms)
Completed 200 OK in 37ms (Views: 34.8ms | ActiveRecord: 0.8ms)


Started GET "/cats/3" for ::1 at 2020-12-31 16:06:25 -0800
Processing by CatsController#show as HTML
  Parameters: {"id"=>"3"}
  [1m[36mCat Load (0.5ms)[0m  [1m[34mSELECT  "cats".* FROM "cats" WHERE "cats"."id" = $1 LIMIT $2[0m  [["id", 3], ["LIMIT", 1]]
  ↳ app/controllers/cats_controller.rb:14
  Rendering cats/show.html.erb within layouts/application
  Rendered cats/show.html.erb within layouts/application (0.5ms)
Completed 200 OK in 46ms (Views: 42.8ms | ActiveRecord: 0.5ms)


Started GET "/cats/4" for ::1 at 2020-12-31 16:06:29 -0800
Processing by CatsController#show as HTML
  Parameters: {"id"=>"4"}
  [1m[36mCat Load (3.4ms)[0m  [1m[34mSELECT  "cats".* FROM "cats" WHERE "cats"."id" = $1 LIMIT $2[0m  [["id", 4], ["LIMIT", 1]]
  ↳ app/controllers/cats_controller.rb:14
  Rendering cats/show.html.erb within layouts/application
  Rendered cats/show.html.erb within layouts/application (0.7ms)
Completed 200 OK in 54ms (Views: 48.8ms | ActiveRecord: 3.4ms)


Started GET "/cats/1" for ::1 at 2020-12-31 16:06:33 -0800
Processing by CatsController#show as HTML
  Parameters: {"id"=>"1"}
  [1m[36mCat Load (0.4ms)[0m  [1m[34mSELECT  "cats".* FROM "cats" WHERE "cats"."id" = $1 LIMIT $2[0m  [["id", 1], ["LIMIT", 1]]
  ↳ app/controllers/cats_controller.rb:14
  Rendering cats/show.html.erb within layouts/application
  Rendered cats/show.html.erb within layouts/application (0.4ms)
Completed 200 OK in 64ms (Views: 62.6ms | ActiveRecord: 0.4ms)


Started GET "/cats" for ::1 at 2020-12-31 16:06:41 -0800
Processing by CatsController#index as HTML
  Rendering cats/index.html.erb within layouts/application
  Rendered cats/index.html.erb within layouts/application (0.4ms)
Completed 200 OK in 58ms (Views: 57.9ms | ActiveRecord: 0.0ms)


Started GET "/cats" for ::1 at 2020-12-31 16:06:59 -0800
Processing by CatsController#index as HTML
  Rendering cats/index.html.erb within layouts/application
  Rendered cats/index.html.erb within layouts/application (0.4ms)
Completed 200 OK in 134ms (Views: 133.4ms | ActiveRecord: 0.0ms)


Started GET "/cats" for ::1 at 2020-12-31 16:07:01 -0800
Processing by CatsController#index as HTML
  Rendering cats/index.html.erb within layouts/application
  Rendered cats/index.html.erb within layouts/application (0.4ms)
Completed 200 OK in 30ms (Views: 29.2ms | ActiveRecord: 0.0ms)


Started GET "/cats/new" for ::1 at 2020-12-31 16:07:12 -0800
Processing by CatsController#new as HTML
  Rendering cats/new.html.erb within layouts/application
  Rendered cats/_form.html.erb (0.6ms)
  Rendered cats/new.html.erb within layouts/application (7.5ms)
Completed 200 OK in 92ms (Views: 56.7ms | ActiveRecord: 18.5ms)


Started GET "/cats/new" for ::1 at 2020-12-31 16:07:31 -0800
Processing by CatsController#new as HTML
  Rendering cats/new.html.erb within layouts/application
  Rendered cats/_form.html.erb (0.6ms)
  Rendered cats/new.html.erb within layouts/application (12.0ms)
Completed 200 OK in 57ms (Views: 56.2ms | ActiveRecord: 0.0ms)


Started GET "/cats/new" for ::1 at 2020-12-31 16:08:06 -0800
Processing by CatsController#new as HTML
  Rendering cats/new.html.erb within layouts/application
  Rendered cats/_form.html.erb (0.4ms)
  Rendered cats/new.html.erb within layouts/application (7.9ms)
Completed 200 OK in 43ms (Views: 42.1ms | ActiveRecord: 0.0ms)


Started GET "/cats/new" for ::1 at 2020-12-31 16:08:07 -0800
Processing by CatsController#new as HTML
  Rendering cats/new.html.erb within layouts/application
  Rendered cats/_form.html.erb (0.6ms)
  Rendered cats/new.html.erb within layouts/application (11.7ms)
Completed 200 OK in 41ms (Views: 40.7ms | ActiveRecord: 0.0ms)


Started GET "/cats/new" for ::1 at 2020-12-31 16:10:06 -0800
Processing by CatsController#new as HTML
  Rendering cats/new.html.erb within layouts/application
  Rendered cats/_form.html.erb (0.8ms)
  Rendered cats/new.html.erb within layouts/application (6.3ms)
Completed 200 OK in 94ms (Views: 92.8ms | ActiveRecord: 0.0ms)


Started GET "/cats/new" for ::1 at 2020-12-31 16:11:05 -0800
Processing by CatsController#new as HTML
  Rendering cats/new.html.erb within layouts/application
  Rendered cats/_form.html.erb (0.3ms)
  Rendered cats/new.html.erb within layouts/application (3.6ms)
Completed 200 OK in 134ms (Views: 133.8ms | ActiveRecord: 0.0ms)


Started GET "/cats" for ::1 at 2020-12-31 16:12:25 -0800
Processing by CatsController#index as HTML
  Rendering cats/index.html.erb within layouts/application
  Rendered cats/index.html.erb within layouts/application (0.8ms)
Completed 200 OK in 69ms (Views: 68.2ms | ActiveRecord: 0.0ms)


Started GET "/cats/1" for ::1 at 2020-12-31 16:13:06 -0800
Processing by CatsController#show as HTML
  Parameters: {"id"=>"1"}
  [1m[36mCat Load (0.9ms)[0m  [1m[34mSELECT  "cats".* FROM "cats" WHERE "cats"."id" = $1 LIMIT $2[0m  [["id", 1], ["LIMIT", 1]]
  ↳ app/controllers/cats_controller.rb:14
  Rendering cats/show.html.erb within layouts/application
  Rendered cats/show.html.erb within layouts/application (0.6ms)
Completed 200 OK in 65ms (Views: 62.0ms | ActiveRecord: 0.9ms)


Started GET "/cats/new" for ::1 at 2020-12-31 16:13:51 -0800
Processing by CatsController#new as HTML
  Rendering cats/new.html.erb within layouts/application
  Rendered cats/_form.html.erb (0.6ms)
  Rendered cats/new.html.erb within layouts/application (5.2ms)
Completed 200 OK in 69ms (Views: 68.3ms | ActiveRecord: 0.0ms)


Started POST "/cats" for ::1 at 2020-12-31 16:16:04 -0800
Processing by CatsController#create as HTML
  Parameters: {"cat"=>{"name"=>"agaga"}, "sex"=>"male", "color"=>"black", "date"=>"3334-12-21"}
  [1m[35m (0.2ms)[0m  [1m[35mBEGIN[0m
  ↳ app/controllers/cats_controller.rb:20
  [1m[35m (1.1ms)[0m  [1m[31mROLLBACK[0m
  ↳ app/controllers/cats_controller.rb:20
  Rendering cats/new.html.erb within layouts/application
  Rendered cats/_form.html.erb (0.4ms)
  Rendered cats/new.html.erb within layouts/application (4.0ms)
Completed 200 OK in 63ms (Views: 38.1ms | ActiveRecord: 1.3ms)


Started POST "/cats" for ::1 at 2020-12-31 16:19:35 -0800
Processing by CatsController#create as HTML
  Parameters: {"cat"=>{"name"=>"test"}, "sex"=>"female", "color"=>"brown", "date"=>"1994-12-03"}
  [1m[35m (1.9ms)[0m  [1m[35mBEGIN[0m
  ↳ app/controllers/cats_controller.rb:20
  [1m[35m (1.7ms)[0m  [1m[31mROLLBACK[0m
  ↳ app/controllers/cats_controller.rb:20
  Rendering cats/new.html.erb within layouts/application
  Rendered cats/_form.html.erb (0.3ms)
  Rendered cats/new.html.erb within layouts/application (3.9ms)
Completed 200 OK in 68ms (Views: 58.0ms | ActiveRecord: 3.5ms)


Started GET "/cats" for ::1 at 2020-12-31 16:20:16 -0800
Processing by CatsController#index as HTML
  Rendering cats/index.html.erb within layouts/application
  Rendered cats/index.html.erb within layouts/application (0.7ms)
Completed 200 OK in 34ms (Views: 33.7ms | ActiveRecord: 0.0ms)


Started GET "/cats/new" for ::1 at 2020-12-31 16:20:21 -0800
Processing by CatsController#new as HTML
  Rendering cats/new.html.erb within layouts/application
  Rendered cats/_form.html.erb (0.7ms)
  Rendered cats/new.html.erb within layouts/application (5.4ms)
Completed 200 OK in 46ms (Views: 45.6ms | ActiveRecord: 0.0ms)


Started POST "/cats" for ::1 at 2020-12-31 16:20:33 -0800
Processing by CatsController#create as HTML
  Parameters: {"cat"=>{"name"=>"ters", "sex"=>"male", "color"=>"white", "birth_date"=>"1993-12-21", "description"=>"cat a"}}
  [1m[35m (5.7ms)[0m  [1m[35mBEGIN[0m
  ↳ app/controllers/cats_controller.rb:20
  [1m[35m (0.7ms)[0m  [1m[31mROLLBACK[0m
  ↳ app/controllers/cats_controller.rb:20
  Rendering cats/new.html.erb within layouts/application
  Rendered cats/_form.html.erb (0.4ms)
  Rendered cats/new.html.erb within layouts/application (6.2ms)
Completed 200 OK in 172ms (Views: 160.4ms | ActiveRecord: 6.4ms)


Started GET "/cats" for ::1 at 2020-12-31 16:22:15 -0800
Processing by CatsController#index as HTML
  Rendering cats/index.html.erb within layouts/application
  Rendered cats/index.html.erb within layouts/application (0.3ms)
Completed 200 OK in 139ms (Views: 138.7ms | ActiveRecord: 0.0ms)


Started GET "/cats/new" for ::1 at 2020-12-31 16:22:26 -0800
Processing by CatsController#new as HTML
  Rendering cats/new.html.erb within layouts/application
  Rendered cats/_form.html.erb (0.5ms)
  Rendered cats/new.html.erb within layouts/application (5.0ms)
Completed 200 OK in 45ms (Views: 44.9ms | ActiveRecord: 0.0ms)


Started GET "/cats/new" for ::1 at 2020-12-31 16:22:27 -0800
Processing by CatsController#new as HTML
  Rendering cats/new.html.erb within layouts/application
  Rendered cats/_form.html.erb (0.7ms)
  Rendered cats/new.html.erb within layouts/application (6.6ms)
Completed 200 OK in 37ms (Views: 35.9ms | ActiveRecord: 0.0ms)


Started GET "/cats/new" for ::1 at 2020-12-31 16:22:28 -0800
Processing by CatsController#new as HTML
  Rendering cats/new.html.erb within layouts/application
  Rendered cats/_form.html.erb (0.4ms)
  Rendered cats/new.html.erb within layouts/application (11.8ms)
Completed 200 OK in 70ms (Views: 69.0ms | ActiveRecord: 0.0ms)


Started POST "/cats" for ::1 at 2020-12-31 16:22:48 -0800
Processing by CatsController#create as HTML
  Parameters: {"cat"=>{"name"=>"new cat", "sex"=>"M", "color"=>"white", "birth_date"=>"1992-10-09", "description"=>"tagagag"}}
  [1m[35m (1.9ms)[0m  [1m[35mBEGIN[0m
  ↳ app/controllers/cats_controller.rb:20
  [1m[36mCat Create (12.5ms)[0m  [1m[32mINSERT INTO "cats" ("color", "name", "sex", "description", "created_at", "updated_at", "birth_date") VALUES ($1, $2, $3, $4, $5, $6, $7) RETURNING "id"[0m  [["color", "white"], ["name", "new cat"], ["sex", "M"], ["description", "tagagag"], ["created_at", "2021-01-01 00:22:48.108102"], ["updated_at", "2021-01-01 00:22:48.108102"], ["birth_date", "1992-10-09"]]
  ↳ app/controllers/cats_controller.rb:20
  [1m[35m (21.0ms)[0m  [1m[35mCOMMIT[0m
  ↳ app/controllers/cats_controller.rb:20
Redirected to http://localhost:3000/cats/1
Completed 302 Found in 68ms (ActiveRecord: 35.3ms)


Started GET "/cats/1" for ::1 at 2020-12-31 16:22:48 -0800
Processing by CatsController#show as HTML
  Parameters: {"id"=>"1"}
  [1m[36mCat Load (0.3ms)[0m  [1m[34mSELECT  "cats".* FROM "cats" WHERE "cats"."id" = $1 LIMIT $2[0m  [["id", 1], ["LIMIT", 1]]
  ↳ app/controllers/cats_controller.rb:14
  Rendering cats/show.html.erb within layouts/application
  Rendered cats/show.html.erb within layouts/application (0.3ms)
Completed 200 OK in 58ms (Views: 48.2ms | ActiveRecord: 0.3ms)


Started GET "/cats" for ::1 at 2020-12-31 16:28:11 -0800
  
PG::ConnectionBad (could not connect to server: No such file or directory
	Is the server running locally and accepting
	connections on Unix domain socket "/tmp/.s.PGSQL.5432"?
):
  
pg (1.2.3) lib/pg.rb:58:in `initialize'
pg (1.2.3) lib/pg.rb:58:in `new'
pg (1.2.3) lib/pg.rb:58:in `connect'
activerecord (5.2.4.4) lib/active_record/connection_adapters/postgresql_adapter.rb:692:in `connect'
activerecord (5.2.4.4) lib/active_record/connection_adapters/postgresql_adapter.rb:223:in `initialize'
activerecord (5.2.4.4) lib/active_record/connection_adapters/postgresql_adapter.rb:48:in `new'
activerecord (5.2.4.4) lib/active_record/connection_adapters/postgresql_adapter.rb:48:in `postgresql_connection'
activerecord (5.2.4.4) lib/active_record/connection_adapters/abstract/connection_pool.rb:830:in `new_connection'
activerecord (5.2.4.4) lib/active_record/connection_adapters/abstract/connection_pool.rb:874:in `checkout_new_connection'
activerecord (5.2.4.4) lib/active_record/connection_adapters/abstract/connection_pool.rb:853:in `try_to_checkout_new_connection'
activerecord (5.2.4.4) lib/active_record/connection_adapters/abstract/connection_pool.rb:814:in `acquire_connection'
activerecord (5.2.4.4) lib/active_record/connection_adapters/abstract/connection_pool.rb:538:in `checkout'
activerecord (5.2.4.4) lib/active_record/connection_adapters/abstract/connection_pool.rb:382:in `connection'
activerecord (5.2.4.4) lib/active_record/connection_adapters/abstract/connection_pool.rb:1033:in `retrieve_connection'
activerecord (5.2.4.4) lib/active_record/connection_handling.rb:118:in `retrieve_connection'
activerecord (5.2.4.4) lib/active_record/connection_handling.rb:90:in `connection'
activerecord (5.2.4.4) lib/active_record/migration.rb:554:in `call'
actionpack (5.2.4.4) lib/action_dispatch/middleware/callbacks.rb:28:in `block in call'
activesupport (5.2.4.4) lib/active_support/callbacks.rb:98:in `run_callbacks'
actionpack (5.2.4.4) lib/action_dispatch/middleware/callbacks.rb:26:in `call'
actionpack (5.2.4.4) lib/action_dispatch/middleware/executor.rb:14:in `call'
actionpack (5.2.4.4) lib/action_dispatch/middleware/debug_exceptions.rb:61:in `call'
web-console (3.7.0) lib/web_console/middleware.rb:135:in `call_app'
web-console (3.7.0) lib/web_console/middleware.rb:30:in `block in call'
web-console (3.7.0) lib/web_console/middleware.rb:20:in `catch'
web-console (3.7.0) lib/web_console/middleware.rb:20:in `call'
actionpack (5.2.4.4) lib/action_dispatch/middleware/show_exceptions.rb:33:in `call'
railties (5.2.4.4) lib/rails/rack/logger.rb:38:in `call_app'
railties (5.2.4.4) lib/rails/rack/logger.rb:26:in `block in call'
activesupport (5.2.4.4) lib/active_support/tagged_logging.rb:71:in `block in tagged'
activesupport (5.2.4.4) lib/active_support/tagged_logging.rb:28:in `tagged'
activesupport (5.2.4.4) lib/active_support/tagged_logging.rb:71:in `tagged'
railties (5.2.4.4) lib/rails/rack/logger.rb:26:in `call'
sprockets-rails (3.2.2) lib/sprockets/rails/quiet_assets.rb:13:in `call'
actionpack (5.2.4.4) lib/action_dispatch/middleware/remote_ip.rb:81:in `call'
actionpack (5.2.4.4) lib/action_dispatch/middleware/request_id.rb:27:in `call'
rack (2.2.3) lib/rack/method_override.rb:24:in `call'
rack (2.2.3) lib/rack/runtime.rb:22:in `call'
activesupport (5.2.4.4) lib/active_support/cache/strategy/local_cache_middleware.rb:29:in `call'
actionpack (5.2.4.4) lib/action_dispatch/middleware/executor.rb:14:in `call'
actionpack (5.2.4.4) lib/action_dispatch/middleware/static.rb:127:in `call'
rack (2.2.3) lib/rack/sendfile.rb:110:in `call'
railties (5.2.4.4) lib/rails/engine.rb:524:in `call'
puma (3.12.6) lib/puma/configuration.rb:227:in `call'
puma (3.12.6) lib/puma/server.rb:706:in `handle_request'
puma (3.12.6) lib/puma/server.rb:476:in `process_client'
puma (3.12.6) lib/puma/server.rb:334:in `block in run'
puma (3.12.6) lib/puma/thread_pool.rb:135:in `block in spawn_thread'
Started GET "/cats" for ::1 at 2020-12-31 16:31:27 -0800
  [1m[35m (2.9ms)[0m  [1m[34mSELECT "schema_migrations"."version" FROM "schema_migrations" ORDER BY "schema_migrations"."version" ASC[0m
  ↳ /Users/jsadsad/.rbenv/versions/2.5.1/lib/ruby/gems/2.5.0/gems/activerecord-5.2.4.4/lib/active_record/log_subscriber.rb:98
Processing by CatsController#index as HTML
  Rendering cats/index.html.erb within layouts/application
  [1m[36mCat Load (2.8ms)[0m  [1m[34mSELECT "cats".* FROM "cats"[0m
  ↳ app/views/cats/index.html.erb:3
  Rendered cats/index.html.erb within layouts/application (60.6ms)
Completed 500 Internal Server Error in 119ms (ActiveRecord: 22.9ms)


  
ActionView::Template::Error (Missing partial cats/_cat, application/_cat with {:locale=>[:en], :formats=>[:html], :variants=>[], :handlers=>[:raw, :erb, :html, :builder, :ruby, :coffee, :jbuilder]}. Searched in:
  * "/Users/jsadsad/Desktop/aA_Classwork/W6D5/cats_99/app/views"
):
    2: 
    3: <% @cats.each do |cat| %>
    4:   <ul>
    5:     <%= render "cat", {cat: cat}%>
    6:   </ul>
    7: <% end %>
  
app/views/cats/index.html.erb:5:in `block in _app_views_cats_index_html_erb___599109608805953782_70316767167780'
app/views/cats/index.html.erb:3:in `_app_views_cats_index_html_erb___599109608805953782_70316767167780'
app/controllers/cats_controller.rb:10:in `index'
Started GET "/cats" for ::1 at 2020-12-31 16:34:11 -0800
Processing by CatsController#index as HTML
  Rendering cats/index.html.erb within layouts/application
  [1m[36mCat Load (0.6ms)[0m  [1m[34mSELECT "cats".* FROM "cats"[0m
  ↳ app/views/cats/index.html.erb:3
  Rendered cats/_cat.html.erb (2.7ms)
  Rendered cats/index.html.erb within layouts/application (7.8ms)
Completed 200 OK in 503ms (Views: 502.3ms | ActiveRecord: 0.6ms)


  [1m[35m (0.9ms)[0m  [1m[34mSELECT "schema_migrations"."version" FROM "schema_migrations" ORDER BY "schema_migrations"."version" ASC[0m
  ↳ bin/rails:9
  [1m[36mCat Load (1.4ms)[0m  [1m[34mSELECT "cats".* FROM "cats"[0m
  ↳ db/seeds.rb:10
  [1m[35m (0.6ms)[0m  [1m[35mBEGIN[0m
  ↳ db/seeds.rb:10
  [1m[36mCat Destroy (22.8ms)[0m  [1m[31mDELETE FROM "cats" WHERE "cats"."id" = $1[0m  [["id", 1]]
  ↳ db/seeds.rb:10
  [1m[35m (0.6ms)[0m  [1m[35mCOMMIT[0m
  ↳ db/seeds.rb:10
  [1m[35m (0.1ms)[0m  [1m[35mBEGIN[0m
  ↳ db/seeds.rb:11
  [1m[36mCat Create (4.0ms)[0m  [1m[32mINSERT INTO "cats" ("color", "name", "sex", "description", "created_at", "updated_at", "birth_date") VALUES ($1, $2, $3, $4, $5, $6, $7) RETURNING "id"[0m  [["color", "brown"], ["name", "Tom"], ["sex", "M"], ["description", "Lazy"], ["created_at", "2021-01-01 00:34:47.061417"], ["updated_at", "2021-01-01 00:34:47.061417"], ["birth_date", "2012-01-10"]]
  ↳ db/seeds.rb:11
  [1m[35m (0.4ms)[0m  [1m[35mCOMMIT[0m
  ↳ db/seeds.rb:11
  [1m[35m (0.2ms)[0m  [1m[35mBEGIN[0m
  ↳ db/seeds.rb:12
  [1m[36mCat Create (0.4ms)[0m  [1m[32mINSERT INTO "cats" ("color", "name", "sex", "description", "created_at", "updated_at", "birth_date") VALUES ($1, $2, $3, $4, $5, $6, $7) RETURNING "id"[0m  [["color", "red"], ["name", "Charlie"], ["sex", "F"], ["description", "Smart"], ["created_at", "2021-01-01 00:34:47.067716"], ["updated_at", "2021-01-01 00:34:47.067716"], ["birth_date", "2017-10-15"]]
  ↳ db/seeds.rb:12
  [1m[35m (0.4ms)[0m  [1m[35mCOMMIT[0m
  ↳ db/seeds.rb:12
Started GET "/cats" for ::1 at 2020-12-31 16:34:49 -0800
Processing by CatsController#index as HTML
  Rendering cats/index.html.erb within layouts/application
  [1m[36mCat Load (0.4ms)[0m  [1m[34mSELECT "cats".* FROM "cats"[0m
  ↳ app/views/cats/index.html.erb:3
  Rendered cats/_cat.html.erb (0.6ms)
  Rendered cats/_cat.html.erb (0.1ms)
  Rendered cats/index.html.erb within layouts/application (8.2ms)
Completed 200 OK in 52ms (Views: 50.3ms | ActiveRecord: 0.4ms)


Started GET "/cats/1" for ::1 at 2020-12-31 16:37:05 -0800
Processing by CatsController#show as HTML
  Parameters: {"id"=>"1"}
  [1m[36mCat Load (7.2ms)[0m  [1m[34mSELECT  "cats".* FROM "cats" WHERE "cats"."id" = $1 LIMIT $2[0m  [["id", 1], ["LIMIT", 1]]
  ↳ app/controllers/cats_controller.rb:14
  Rendering cats/show.html.erb within layouts/application
  Rendered cats/show.html.erb within layouts/application (289.7ms)
Completed 500 Internal Server Error in 326ms (ActiveRecord: 7.6ms)


  
ActionView::Template::Error (undefined local variable or method `cat' for #<#<Class:0x00007fe7cd698590>:0x00007fe7cbe5d930>
Did you mean?  @cat):
    1: <table>
    2:     <thead>
    3:         <tr>
    4:             <th colspan="2"><%= cat.name %></th>
    5:         </tr>
    6:     </thead>
    7:     <tbody>
  
app/views/cats/show.html.erb:4:in `_app_views_cats_show_html_erb___1283145887255429486_70316771497180'
app/controllers/cats_controller.rb:15:in `show'
Started GET "/cats/1" for ::1 at 2020-12-31 16:38:27 -0800
Processing by CatsController#show as HTML
  Parameters: {"id"=>"1"}
  [1m[36mCat Load (0.6ms)[0m  [1m[34mSELECT  "cats".* FROM "cats" WHERE "cats"."id" = $1 LIMIT $2[0m  [["id", 1], ["LIMIT", 1]]
  ↳ app/controllers/cats_controller.rb:14
  Rendering cats/show.html.erb within layouts/application
  Rendered cats/show.html.erb within layouts/application (9.4ms)
Completed 500 Internal Server Error in 41ms (ActiveRecord: 0.6ms)


  
ActionView::Template::Error (undefined method `name' for nil:NilClass):
    2: <table>
    3:     <thead>
    4:         <tr>
    5:             <th colspan="2"><%= @cat.name %></th>
    6:         </tr>
    7:     </thead>
    8:     <tbody>
  
app/views/cats/show.html.erb:5:in `_app_views_cats_show_html_erb___1283145887255429486_70316828917400'
app/controllers/cats_controller.rb:15:in `show'
Started GET "/cats/1" for ::1 at 2020-12-31 16:39:44 -0800
Processing by CatsController#show as HTML
  Parameters: {"id"=>"1"}
  [1m[36mCat Load (2.0ms)[0m  [1m[34mSELECT  "cats".* FROM "cats" WHERE "cats"."id" = $1 LIMIT $2[0m  [["id", 1], ["LIMIT", 1]]
  ↳ app/controllers/cats_controller.rb:14
  Rendering cats/show.html.erb within layouts/application
  Rendered cats/show.html.erb within layouts/application (458.8ms)
Completed 500 Internal Server Error in 487ms (ActiveRecord: 2.0ms)


  
ActionView::Template::Error (undefined local variable or method `cat' for #<#<Class:0x00007fe7cd698590>:0x00007fe7d22759b8>
Did you mean?  @cat):
    2: <table>
    3:     <thead>
    4:         <tr>
    5:             <th colspan="2"><%= render "cat", {cat: cat}%></th>
    6:         </tr>
    7:     </thead>
    8:     <tbody>
  
app/views/cats/show.html.erb:5:in `_app_views_cats_show_html_erb___1283145887255429486_70316819969380'
app/controllers/cats_controller.rb:15:in `show'
